{"unknown": {"path":"unknown","statementMap":{"0":{"start":{"line":25,"column":14},"end":{"line":44,"column":1}},"1":{"start":{"line":51,"column":2},"end":{"line":51,"column":11}},"2":{"start":{"line":55,"column":3},"end":{"line":55,"column":22}},"3":{"start":{"line":58,"column":3},"end":{"line":58,"column":52}},"4":{"start":{"line":61,"column":3},"end":{"line":61,"column":66}},"5":{"start":{"line":64,"column":3},"end":{"line":64,"column":66}},"6":{"start":{"line":67,"column":3},"end":{"line":67,"column":69}},"7":{"start":{"line":70,"column":3},"end":{"line":70,"column":69}},"8":{"start":{"line":73,"column":3},"end":{"line":73,"column":78}},"9":{"start":{"line":76,"column":3},"end":{"line":76,"column":78}},"10":{"start":{"line":79,"column":3},"end":{"line":79,"column":75}},"11":{"start":{"line":82,"column":3},"end":{"line":82,"column":69}},"12":{"start":{"line":87,"column":3},"end":{"line":89,"column":4}},"13":{"start":{"line":88,"column":4},"end":{"line":88,"column":26}}},"fnMap":{},"branchMap":{"0":{"loc":{"start":{"line":61,"column":10},"end":{"line":61,"column":66}},"type":"cond-expr","locations":[{"start":{"line":61,"column":26},"end":{"line":61,"column":54}},{"start":{"line":61,"column":57},"end":{"line":61,"column":66}}],"line":61},"1":{"loc":{"start":{"line":61,"column":26},"end":{"line":61,"column":54}},"type":"binary-expr","locations":[{"start":{"line":61,"column":26},"end":{"line":61,"column":41}},{"start":{"line":61,"column":45},"end":{"line":61,"column":54}}],"line":61},"2":{"loc":{"start":{"line":64,"column":10},"end":{"line":64,"column":66}},"type":"cond-expr","locations":[{"start":{"line":64,"column":26},"end":{"line":64,"column":54}},{"start":{"line":64,"column":57},"end":{"line":64,"column":66}}],"line":64},"3":{"loc":{"start":{"line":64,"column":26},"end":{"line":64,"column":54}},"type":"binary-expr","locations":[{"start":{"line":64,"column":26},"end":{"line":64,"column":41}},{"start":{"line":64,"column":45},"end":{"line":64,"column":54}}],"line":64},"4":{"loc":{"start":{"line":67,"column":10},"end":{"line":67,"column":69}},"type":"cond-expr","locations":[{"start":{"line":67,"column":26},"end":{"line":67,"column":56}},{"start":{"line":67,"column":59},"end":{"line":67,"column":69}}],"line":67},"5":{"loc":{"start":{"line":67,"column":26},"end":{"line":67,"column":56}},"type":"binary-expr","locations":[{"start":{"line":67,"column":26},"end":{"line":67,"column":42}},{"start":{"line":67,"column":46},"end":{"line":67,"column":56}}],"line":67},"6":{"loc":{"start":{"line":70,"column":10},"end":{"line":70,"column":69}},"type":"cond-expr","locations":[{"start":{"line":70,"column":26},"end":{"line":70,"column":56}},{"start":{"line":70,"column":59},"end":{"line":70,"column":69}}],"line":70},"7":{"loc":{"start":{"line":70,"column":26},"end":{"line":70,"column":56}},"type":"binary-expr","locations":[{"start":{"line":70,"column":26},"end":{"line":70,"column":42}},{"start":{"line":70,"column":46},"end":{"line":70,"column":56}}],"line":70},"8":{"loc":{"start":{"line":73,"column":10},"end":{"line":73,"column":78}},"type":"cond-expr","locations":[{"start":{"line":73,"column":26},"end":{"line":73,"column":62}},{"start":{"line":73,"column":65},"end":{"line":73,"column":78}}],"line":73},"9":{"loc":{"start":{"line":73,"column":26},"end":{"line":73,"column":62}},"type":"binary-expr","locations":[{"start":{"line":73,"column":26},"end":{"line":73,"column":45}},{"start":{"line":73,"column":49},"end":{"line":73,"column":62}}],"line":73},"10":{"loc":{"start":{"line":76,"column":10},"end":{"line":76,"column":78}},"type":"cond-expr","locations":[{"start":{"line":76,"column":26},"end":{"line":76,"column":62}},{"start":{"line":76,"column":65},"end":{"line":76,"column":78}}],"line":76},"11":{"loc":{"start":{"line":76,"column":26},"end":{"line":76,"column":62}},"type":"binary-expr","locations":[{"start":{"line":76,"column":26},"end":{"line":76,"column":45}},{"start":{"line":76,"column":49},"end":{"line":76,"column":62}}],"line":76},"12":{"loc":{"start":{"line":79,"column":10},"end":{"line":79,"column":75}},"type":"cond-expr","locations":[{"start":{"line":79,"column":26},"end":{"line":79,"column":60}},{"start":{"line":79,"column":63},"end":{"line":79,"column":75}}],"line":79},"13":{"loc":{"start":{"line":79,"column":26},"end":{"line":79,"column":60}},"type":"binary-expr","locations":[{"start":{"line":79,"column":26},"end":{"line":79,"column":44}},{"start":{"line":79,"column":48},"end":{"line":79,"column":60}}],"line":79},"14":{"loc":{"start":{"line":82,"column":10},"end":{"line":82,"column":69}},"type":"cond-expr","locations":[{"start":{"line":82,"column":26},"end":{"line":82,"column":56}},{"start":{"line":82,"column":59},"end":{"line":82,"column":69}}],"line":82},"15":{"loc":{"start":{"line":82,"column":26},"end":{"line":82,"column":56}},"type":"binary-expr","locations":[{"start":{"line":82,"column":26},"end":{"line":82,"column":42}},{"start":{"line":82,"column":46},"end":{"line":82,"column":56}}],"line":82},"16":{"loc":{"start":{"line":87,"column":3},"end":{"line":89,"column":4}},"type":"if","locations":[{"start":{"line":87,"column":3},"end":{"line":89,"column":4}},{"start":{"line":87,"column":3},"end":{"line":89,"column":4}}],"line":87}},"s":{"0":8,"1":34,"2":29,"3":35,"4":35,"5":26,"6":20,"7":27,"8":15,"9":16,"10":15,"11":13,"12":6,"13":5,"14":null,"15":null,"16":null,"17":null,"18":null,"19":null,"20":null,"21":null,"22":null,"23":null,"24":null,"25":null,"26":null,"27":null,"28":null,"29":null},"f":{"0":null,"1":null,"2":null},"b":{"0":[21,23],"1":[15,18],"2":[9,10],"3":[3,4],"4":[4,13],"5":[6,12],"6":[0,13],"7":[6,3],"8":[0,7],"9":[0,0],"10":[0,7],"11":[0,0],"12":[0,7],"13":[0,0],"14":[0,7],"15":[0,0],"16":[0,0]},"_coverageSchema":"332fd63041d2c1bcb487cc26dd0d5f7d97098a6c","hash":"59cf8338d8c39936b0f82ea7fd9fe891fb21b6af"}
,"/Users/joe/git/Oasis/packages/avatar/index.js": {"path":"/Users/joe/git/Oasis/packages/avatar/index.js","statementMap":{"0":{"start":{"line":3,"column":0},"end":{"line":5,"column":1}},"1":{"start":{"line":4,"column":1},"end":{"line":4,"column":35}}},"fnMap":{"0":{"name":"(anonymous_0)","decl":{"start":{"line":3,"column":17},"end":{"line":3,"column":18}},"loc":{"start":{"line":3,"column":32},"end":{"line":5,"column":1}},"line":3}},"branchMap":{},"s":{"0":2,"1":0},"f":{"0":0},"b":{},"_coverageSchema":"332fd63041d2c1bcb487cc26dd0d5f7d97098a6c","hash":"e827d324f2b28c0915d015cc30d941dc5c0edc26"}
,"/Users/joe/git/Oasis/packages/avatar/src/index.vue": {"path":"/Users/joe/git/Oasis/packages/avatar/src/index.vue","statementMap":{"0":{"start":{"line":39,"column":0},"end":{"line":null,"column":-1}},"1":{"start":{"line":62,"column":0},"end":{"line":null,"column":-1}},"2":{"start":{"line":63,"column":0},"end":{"line":null,"column":-1}},"3":{"start":{"line":68,"column":0},"end":{"line":null,"column":-1}},"4":{"start":{"line":69,"column":0},"end":{"line":null,"column":-1}},"5":{"start":{"line":75,"column":0},"end":{"line":null,"column":-1}},"6":{"start":{"line":76,"column":0},"end":{"line":null,"column":-1}},"7":{"start":{"line":78,"column":0},"end":{"line":null,"column":-1}},"8":{"start":{"line":79,"column":0},"end":{"line":null,"column":-1}},"9":{"start":{"line":82,"column":0},"end":{"line":null,"column":-1}},"10":{"start":{"line":81,"column":0},"end":{"line":null,"column":-1}},"11":{"start":{"line":83,"column":0},"end":{"line":null,"column":-1}},"12":{"start":{"line":84,"column":0},"end":{"line":null,"column":-1}},"13":{"start":{"line":85,"column":0},"end":{"line":null,"column":-1}},"14":{"start":{"line":87,"column":0},"end":{"line":null,"column":-1}},"15":{"start":{"line":88,"column":0},"end":{"line":null,"column":-1}},"16":{"start":{"line":89,"column":0},"end":{"line":null,"column":-1}},"17":{"start":{"line":91,"column":0},"end":{"line":null,"column":-1}},"18":{"start":{"line":92,"column":0},"end":{"line":null,"column":-1}}},"fnMap":{"0":{"name":"data","decl":{"start":{"line":68,"column":0},"end":{"line":null,"column":-1}},"loc":{"start":{"line":68,"column":0},"end":{"line":70,"column":0}}},"1":{"name":"mounted","decl":{"start":{"line":71,"column":0},"end":{"line":null,"column":-1}},"loc":{"start":{"line":71,"column":0},"end":{"line":null,"column":-1}}},"2":{"name":"group","decl":{"start":{"line":75,"column":0},"end":{"line":null,"column":-1}},"loc":{"start":{"line":75,"column":0},"end":{"line":77,"column":0}}},"3":{"name":"useGroup","decl":{"start":{"line":78,"column":0},"end":{"line":null,"column":-1}},"loc":{"start":{"line":78,"column":0},"end":{"line":80,"column":0}}},"4":{"name":"_bg","decl":{"start":{"line":81,"column":0},"end":{"line":null,"column":-1}},"loc":{"start":{"line":81,"column":0},"end":{"line":90,"column":0}}},"5":{"name":"_size","decl":{"start":{"line":91,"column":0},"end":{"line":null,"column":-1}},"loc":{"start":{"line":91,"column":0},"end":{"line":93,"column":0}}}},"branchMap":{"0":{"loc":{"start":{"line":83,"column":0},"end":{"line":null,"column":-1}},"type":"if","locations":[{"start":{"line":83,"column":0},"end":{"line":null,"column":-1}},{"start":{"line":83,"column":0},"end":{"line":null,"column":-1}}]},"1":{"loc":{"start":{"line":92,"column":0},"end":{"line":null,"column":-1}},"type":"cond-expr","locations":[{"start":{"line":92,"column":0},"end":{"line":null,"column":-1}},{"start":{"line":92,"column":0},"end":{"line":null,"column":-1}}]}},"s":{"0":1,"1":1,"2":1,"3":3,"4":3,"5":3,"6":3,"7":3,"8":3,"9":2,"10":8,"11":4,"12":0,"13":0,"14":2,"15":2,"16":2,"17":3,"18":3},"f":{"0":3,"1":3,"2":3,"3":3,"4":2,"5":3},"b":{"0":[0,2],"1":[0,3]}}
,"/Users/joe/git/Oasis/packages/button/src/index.vue": {"path":"/Users/joe/git/Oasis/packages/button/src/index.vue","statementMap":{"0":{"start":{"line":25,"column":0},"end":{"line":null,"column":-1}},"1":{"start":{"line":50,"column":0},"end":{"line":null,"column":-1}},"2":{"start":{"line":51,"column":0},"end":{"line":null,"column":-1}},"3":{"start":{"line":54,"column":0},"end":{"line":null,"column":-1}},"4":{"start":{"line":55,"column":0},"end":{"line":null,"column":-1}},"5":{"start":{"line":57,"column":0},"end":{"line":null,"column":-1}},"6":{"start":{"line":58,"column":0},"end":{"line":null,"column":-1}},"7":{"start":{"line":60,"column":0},"end":{"line":null,"column":-1}},"8":{"start":{"line":61,"column":0},"end":{"line":null,"column":-1}},"9":{"start":{"line":63,"column":0},"end":{"line":null,"column":-1}},"10":{"start":{"line":64,"column":0},"end":{"line":null,"column":-1}},"11":{"start":{"line":66,"column":0},"end":{"line":null,"column":-1}},"12":{"start":{"line":67,"column":0},"end":{"line":null,"column":-1}},"13":{"start":{"line":69,"column":0},"end":{"line":null,"column":-1}},"14":{"start":{"line":70,"column":0},"end":{"line":null,"column":-1}},"15":{"start":{"line":72,"column":0},"end":{"line":null,"column":-1}},"16":{"start":{"line":73,"column":0},"end":{"line":null,"column":-1}},"17":{"start":{"line":75,"column":0},"end":{"line":null,"column":-1}},"18":{"start":{"line":76,"column":0},"end":{"line":null,"column":-1}},"19":{"start":{"line":78,"column":0},"end":{"line":null,"column":-1}},"20":{"start":{"line":79,"column":0},"end":{"line":null,"column":-1}},"21":{"start":{"line":81,"column":0},"end":{"line":null,"column":-1}},"22":{"start":{"line":82,"column":0},"end":{"line":null,"column":-1}},"23":{"start":{"line":86,"column":0},"end":{"line":null,"column":-1}},"24":{"start":{"line":87,"column":0},"end":{"line":null,"column":-1}},"25":{"start":{"line":88,"column":0},"end":{"line":null,"column":-1}}},"fnMap":{"0":{"name":"data","decl":{"start":{"line":50,"column":0},"end":{"line":null,"column":-1}},"loc":{"start":{"line":50,"column":0},"end":{"line":52,"column":0}}},"1":{"name":"group","decl":{"start":{"line":54,"column":0},"end":{"line":null,"column":-1}},"loc":{"start":{"line":54,"column":0},"end":{"line":56,"column":0}}},"2":{"name":"useGroup","decl":{"start":{"line":57,"column":0},"end":{"line":null,"column":-1}},"loc":{"start":{"line":57,"column":0},"end":{"line":59,"column":0}}},"3":{"name":"_type","decl":{"start":{"line":60,"column":0},"end":{"line":null,"column":-1}},"loc":{"start":{"line":60,"column":0},"end":{"line":62,"column":0}}},"4":{"name":"_size","decl":{"start":{"line":63,"column":0},"end":{"line":null,"column":-1}},"loc":{"start":{"line":63,"column":0},"end":{"line":65,"column":0}}},"5":{"name":"_ghost","decl":{"start":{"line":66,"column":0},"end":{"line":null,"column":-1}},"loc":{"start":{"line":66,"column":0},"end":{"line":68,"column":0}}},"6":{"name":"_block","decl":{"start":{"line":69,"column":0},"end":{"line":null,"column":-1}},"loc":{"start":{"line":69,"column":0},"end":{"line":71,"column":0}}},"7":{"name":"_disabled","decl":{"start":{"line":72,"column":0},"end":{"line":null,"column":-1}},"loc":{"start":{"line":72,"column":0},"end":{"line":74,"column":0}}},"8":{"name":"_gradient","decl":{"start":{"line":75,"column":0},"end":{"line":null,"column":-1}},"loc":{"start":{"line":75,"column":0},"end":{"line":77,"column":0}}},"9":{"name":"_loading","decl":{"start":{"line":78,"column":0},"end":{"line":null,"column":-1}},"loc":{"start":{"line":78,"column":0},"end":{"line":80,"column":0}}},"10":{"name":"_round","decl":{"start":{"line":81,"column":0},"end":{"line":null,"column":-1}},"loc":{"start":{"line":81,"column":0},"end":{"line":83,"column":0}}},"11":{"name":"onClick","decl":{"start":{"line":86,"column":0},"end":{"line":null,"column":-1}},"loc":{"start":{"line":86,"column":0},"end":{"line":90,"column":0}}}},"branchMap":{"0":{"loc":{"start":{"line":61,"column":0},"end":{"line":null,"column":-1}},"type":"cond-expr","locations":[{"start":{"line":61,"column":0},"end":{"line":null,"column":-1}},{"start":{"line":61,"column":0},"end":{"line":null,"column":-1}}]},"1":{"loc":{"start":{"line":64,"column":0},"end":{"line":null,"column":-1}},"type":"cond-expr","locations":[{"start":{"line":64,"column":0},"end":{"line":null,"column":-1}},{"start":{"line":64,"column":0},"end":{"line":null,"column":-1}}]},"2":{"loc":{"start":{"line":67,"column":0},"end":{"line":null,"column":-1}},"type":"cond-expr","locations":[{"start":{"line":67,"column":0},"end":{"line":null,"column":-1}},{"start":{"line":67,"column":0},"end":{"line":null,"column":-1}}]},"3":{"loc":{"start":{"line":70,"column":0},"end":{"line":null,"column":-1}},"type":"cond-expr","locations":[{"start":{"line":70,"column":0},"end":{"line":null,"column":-1}},{"start":{"line":70,"column":0},"end":{"line":null,"column":-1}}]},"4":{"loc":{"start":{"line":73,"column":0},"end":{"line":null,"column":-1}},"type":"cond-expr","locations":[{"start":{"line":73,"column":0},"end":{"line":null,"column":-1}},{"start":{"line":73,"column":0},"end":{"line":null,"column":-1}}]},"5":{"loc":{"start":{"line":76,"column":0},"end":{"line":null,"column":-1}},"type":"cond-expr","locations":[{"start":{"line":76,"column":0},"end":{"line":null,"column":-1}},{"start":{"line":76,"column":0},"end":{"line":null,"column":-1}}]},"6":{"loc":{"start":{"line":79,"column":0},"end":{"line":null,"column":-1}},"type":"cond-expr","locations":[{"start":{"line":79,"column":0},"end":{"line":null,"column":-1}},{"start":{"line":79,"column":0},"end":{"line":null,"column":-1}}]},"7":{"loc":{"start":{"line":82,"column":0},"end":{"line":null,"column":-1}},"type":"cond-expr","locations":[{"start":{"line":82,"column":0},"end":{"line":null,"column":-1}},{"start":{"line":82,"column":0},"end":{"line":null,"column":-1}}]},"8":{"loc":{"start":{"line":87,"column":0},"end":{"line":null,"column":-1}},"type":"if","locations":[{"start":{"line":87,"column":0},"end":{"line":null,"column":-1}},{"start":{"line":87,"column":0},"end":{"line":null,"column":-1}}]}},"s":{"0":2,"1":12,"2":12,"3":12,"4":12,"5":12,"6":12,"7":12,"8":12,"9":12,"10":12,"11":12,"12":12,"13":12,"14":12,"15":12,"16":12,"17":12,"18":12,"19":12,"20":12,"21":12,"22":12,"23":3,"24":9,"25":3},"f":{"0":12,"1":12,"2":12,"3":12,"4":12,"5":12,"6":12,"7":12,"8":12,"9":12,"10":12,"11":3},"b":{"0":[0,12],"1":[0,12],"2":[0,12],"3":[0,12],"4":[0,12],"5":[0,12],"6":[0,12],"7":[0,12],"8":[3,0]}}
,"/Users/joe/git/Oasis/packages/input/index.js": {"path":"/Users/joe/git/Oasis/packages/input/index.js","statementMap":{"0":{"start":{"line":3,"column":0},"end":{"line":5,"column":1}},"1":{"start":{"line":4,"column":1},"end":{"line":4,"column":33}}},"fnMap":{"0":{"name":"(anonymous_0)","decl":{"start":{"line":3,"column":16},"end":{"line":3,"column":17}},"loc":{"start":{"line":3,"column":31},"end":{"line":5,"column":1}},"line":3}},"branchMap":{},"s":{"0":4,"1":0},"f":{"0":0},"b":{},"_coverageSchema":"332fd63041d2c1bcb487cc26dd0d5f7d97098a6c","hash":"f6a4133a1d2dc3b115d247e916c0d501615b8380"}
,"/Users/joe/git/Oasis/packages/input/src/index.vue": {"path":"/Users/joe/git/Oasis/packages/input/src/index.vue","statementMap":{"0":{"start":{"line":94,"column":0},"end":{"line":null,"column":-1}},"1":{"start":{"line":133,"column":0},"end":{"line":null,"column":-1}},"2":{"start":{"line":134,"column":0},"end":{"line":null,"column":-1}},"3":{"start":{"line":140,"column":0},"end":{"line":null,"column":-1}},"4":{"start":{"line":141,"column":0},"end":{"line":null,"column":-1}},"5":{"start":{"line":143,"column":0},"end":{"line":null,"column":-1}},"6":{"start":{"line":144,"column":0},"end":{"line":null,"column":-1}},"7":{"start":{"line":148,"column":0},"end":{"line":null,"column":-1}},"8":{"start":{"line":149,"column":0},"end":{"line":null,"column":-1}},"9":{"start":{"line":151,"column":0},"end":{"line":null,"column":-1}},"10":{"start":{"line":152,"column":0},"end":{"line":null,"column":-1}},"11":{"start":{"line":153,"column":0},"end":{"line":null,"column":-1}},"12":{"start":{"line":155,"column":0},"end":{"line":null,"column":-1}},"13":{"start":{"line":156,"column":0},"end":{"line":null,"column":-1}},"14":{"start":{"line":157,"column":0},"end":{"line":null,"column":-1}},"15":{"start":{"line":159,"column":0},"end":{"line":null,"column":-1}},"16":{"start":{"line":160,"column":0},"end":{"line":null,"column":-1}}},"fnMap":{"0":{"name":"data","decl":{"start":{"line":133,"column":0},"end":{"line":null,"column":-1}},"loc":{"start":{"line":133,"column":0},"end":{"line":138,"column":0}}},"1":{"name":"currentValue","decl":{"start":{"line":140,"column":0},"end":{"line":null,"column":-1}},"loc":{"start":{"line":140,"column":0},"end":{"line":142,"column":0}}},"2":{"name":"value","decl":{"start":{"line":143,"column":0},"end":{"line":null,"column":-1}},"loc":{"start":{"line":143,"column":0},"end":{"line":145,"column":0}}},"3":{"name":"onInput","decl":{"start":{"line":148,"column":0},"end":{"line":null,"column":-1}},"loc":{"start":{"line":148,"column":0},"end":{"line":150,"column":0}}},"4":{"name":"onFocus","decl":{"start":{"line":151,"column":0},"end":{"line":null,"column":-1}},"loc":{"start":{"line":151,"column":0},"end":{"line":154,"column":0}}},"5":{"name":"onBlur","decl":{"start":{"line":155,"column":0},"end":{"line":null,"column":-1}},"loc":{"start":{"line":155,"column":0},"end":{"line":158,"column":0}}},"6":{"name":"onChange","decl":{"start":{"line":159,"column":0},"end":{"line":null,"column":-1}},"loc":{"start":{"line":159,"column":0},"end":{"line":161,"column":0}}}},"branchMap":{},"s":{"0":4,"1":17,"2":17,"3":10,"4":10,"5":7,"6":7,"7":3,"8":3,"9":0,"10":0,"11":0,"12":0,"13":0,"14":0,"15":2,"16":2},"f":{"0":17,"1":10,"2":7,"3":3,"4":0,"5":0,"6":2},"b":{}}
,"/Users/joe/git/Oasis/packages/inputNumber/src/index.vue": {"path":"/Users/joe/git/Oasis/packages/inputNumber/src/index.vue","statementMap":{"0":{"start":{"line":41,"column":0},"end":{"line":null,"column":-1}},"1":{"start":{"line":68,"column":0},"end":{"line":null,"column":-1}},"2":{"start":{"line":69,"column":0},"end":{"line":null,"column":-1}},"3":{"start":{"line":74,"column":0},"end":{"line":null,"column":-1}},"4":{"start":{"line":76,"column":0},"end":{"line":null,"column":-1}},"5":{"start":{"line":78,"column":0},"end":{"line":null,"column":-1}},"6":{"start":{"line":80,"column":0},"end":{"line":null,"column":-1}},"7":{"start":{"line":86,"column":0},"end":{"line":null,"column":-1}},"8":{"start":{"line":85,"column":0},"end":{"line":null,"column":-1}},"9":{"start":{"line":87,"column":0},"end":{"line":null,"column":-1}},"10":{"start":{"line":88,"column":0},"end":{"line":null,"column":-1}},"11":{"start":{"line":92,"column":0},"end":{"line":null,"column":-1}},"12":{"start":{"line":93,"column":0},"end":{"line":null,"column":-1}},"13":{"start":{"line":100,"column":0},"end":{"line":null,"column":-1}},"14":{"start":{"line":99,"column":0},"end":{"line":null,"column":-1}},"15":{"start":{"line":101,"column":0},"end":{"line":null,"column":-1}},"16":{"start":{"line":102,"column":0},"end":{"line":null,"column":-1}},"17":{"start":{"line":104,"column":0},"end":{"line":null,"column":-1}},"18":{"start":{"line":105,"column":0},"end":{"line":null,"column":-1}},"19":{"start":{"line":107,"column":0},"end":{"line":null,"column":-1}},"20":{"start":{"line":108,"column":0},"end":{"line":null,"column":-1}},"21":{"start":{"line":110,"column":0},"end":{"line":null,"column":-1}},"22":{"start":{"line":111,"column":0},"end":{"line":null,"column":-1}},"23":{"start":{"line":112,"column":0},"end":{"line":null,"column":-1}},"24":{"start":{"line":114,"column":0},"end":{"line":null,"column":-1}},"25":{"start":{"line":115,"column":0},"end":{"line":null,"column":-1}},"26":{"start":{"line":116,"column":0},"end":{"line":null,"column":-1}},"27":{"start":{"line":118,"column":0},"end":{"line":null,"column":-1}},"28":{"start":{"line":120,"column":0},"end":{"line":null,"column":-1}},"29":{"start":{"line":121,"column":0},"end":{"line":null,"column":-1}},"30":{"start":{"line":123,"column":0},"end":{"line":null,"column":-1}},"31":{"start":{"line":124,"column":0},"end":{"line":null,"column":-1}},"32":{"start":{"line":126,"column":0},"end":{"line":null,"column":-1}},"33":{"start":{"line":129,"column":0},"end":{"line":null,"column":-1}},"34":{"start":{"line":128,"column":0},"end":{"line":null,"column":-1}},"35":{"start":{"line":130,"column":0},"end":{"line":null,"column":-1}}},"fnMap":{"0":{"name":"data","decl":{"start":{"line":68,"column":0},"end":{"line":null,"column":-1}},"loc":{"start":{"line":68,"column":0},"end":{"line":72,"column":0}}},"1":{"name":"disableAdd","decl":{"start":{"line":74,"column":0},"end":{"line":null,"column":-1}},"loc":{"start":{"line":74,"column":0},"end":{"line":77,"column":0}}},"2":{"name":"disableSub","decl":{"start":{"line":78,"column":0},"end":{"line":null,"column":-1}},"loc":{"start":{"line":78,"column":0},"end":{"line":81,"column":0}}},"3":{"name":"handler","decl":{"start":{"line":85,"column":0},"end":{"line":null,"column":-1}},"loc":{"start":{"line":85,"column":0},"end":{"line":89,"column":0}}},"4":{"name":"handler","decl":{"start":{"line":92,"column":0},"end":{"line":null,"column":-1}},"loc":{"start":{"line":92,"column":0},"end":{"line":94,"column":0}}},"5":{"name":"onChange","decl":{"start":{"line":99,"column":0},"end":{"line":null,"column":-1}},"loc":{"start":{"line":99,"column":0},"end":{"line":103,"column":0}}},"6":{"name":"onFocus","decl":{"start":{"line":104,"column":0},"end":{"line":null,"column":-1}},"loc":{"start":{"line":104,"column":0},"end":{"line":106,"column":0}}},"7":{"name":"onBlur","decl":{"start":{"line":107,"column":0},"end":{"line":null,"column":-1}},"loc":{"start":{"line":107,"column":0},"end":{"line":109,"column":0}}},"8":{"name":"increase","decl":{"start":{"line":110,"column":0},"end":{"line":null,"column":-1}},"loc":{"start":{"line":110,"column":0},"end":{"line":113,"column":0}}},"9":{"name":"decrease","decl":{"start":{"line":114,"column":0},"end":{"line":null,"column":-1}},"loc":{"start":{"line":114,"column":0},"end":{"line":117,"column":0}}},"10":{"name":"checkValue","decl":{"start":{"line":118,"column":0},"end":{"line":null,"column":-1}},"loc":{"start":{"line":118,"column":0},"end":{"line":127,"column":0}}},"11":{"name":"calculate","decl":{"start":{"line":128,"column":0},"end":{"line":null,"column":-1}},"loc":{"start":{"line":128,"column":0},"end":{"line":131,"column":0}}},"12":{"name":"(anonymous_18)","decl":{"start":{"line":130,"column":0},"end":{"line":null,"column":-1}},"loc":{"start":{"line":130,"column":0},"end":{"line":null,"column":-1}}}},"branchMap":{"0":{"loc":{"start":{"line":76,"column":0},"end":{"line":null,"column":-1}},"type":"binary-expr","locations":[{"start":{"line":76,"column":0},"end":{"line":null,"column":-1}},{"start":{"line":76,"column":0},"end":{"line":null,"column":-1}}]},"1":{"loc":{"start":{"line":80,"column":0},"end":{"line":null,"column":-1}},"type":"binary-expr","locations":[{"start":{"line":80,"column":0},"end":{"line":null,"column":-1}},{"start":{"line":80,"column":0},"end":{"line":null,"column":-1}}]},"2":{"loc":{"start":{"line":111,"column":0},"end":{"line":null,"column":-1}},"type":"if","locations":[{"start":{"line":111,"column":0},"end":{"line":null,"column":-1}},{"start":{"line":111,"column":0},"end":{"line":null,"column":-1}}]},"3":{"loc":{"start":{"line":115,"column":0},"end":{"line":null,"column":-1}},"type":"if","locations":[{"start":{"line":115,"column":0},"end":{"line":null,"column":-1}},{"start":{"line":115,"column":0},"end":{"line":null,"column":-1}}]},"4":{"loc":{"start":{"line":120,"column":0},"end":{"line":null,"column":-1}},"type":"if","locations":[{"start":{"line":120,"column":0},"end":{"line":null,"column":-1}},{"start":{"line":120,"column":0},"end":{"line":null,"column":-1}}]},"5":{"loc":{"start":{"line":123,"column":0},"end":{"line":null,"column":-1}},"type":"if","locations":[{"start":{"line":123,"column":0},"end":{"line":null,"column":-1}},{"start":{"line":123,"column":0},"end":{"line":null,"column":-1}}]}},"s":{"0":1,"1":5,"2":5,"3":36,"4":9,"5":36,"6":9,"7":4,"8":8,"9":4,"10":4,"11":5,"12":5,"13":2,"14":4,"15":2,"16":2,"17":0,"18":0,"19":0,"20":0,"21":3,"22":10,"23":2,"24":1,"25":3,"26":1,"27":36,"28":14,"29":2,"30":12,"31":0,"32":6,"33":3,"34":12,"35":21},"f":{"0":5,"1":9,"2":9,"3":4,"4":5,"5":2,"6":0,"7":0,"8":3,"9":1,"10":6,"11":3,"12":6},"b":{"0":[9,4],"1":[9,2],"2":[1,2],"3":[0,1],"4":[8,8],"5":[6,9]}}
,"/Users/joe/git/Oasis/packages/message/index.js": {"path":"/Users/joe/git/Oasis/packages/message/index.js","statementMap":{"0":{"start":{"line":4,"column":12},"end":{"line":4,"column":31}},"1":{"start":{"line":5,"column":23},"end":{"line":5,"column":24}},"2":{"start":{"line":9,"column":2},"end":{"line":9,"column":37}},"3":{"start":{"line":9,"column":31},"end":{"line":9,"column":37}},"4":{"start":{"line":11,"column":21},"end":{"line":11,"column":50}},"5":{"start":{"line":12,"column":2},"end":{"line":12,"column":50}},"6":{"start":{"line":13,"column":2},"end":{"line":13,"column":39}},"7":{"start":{"line":14,"column":2},"end":{"line":14,"column":40}},"8":{"start":{"line":15,"column":2},"end":{"line":15,"column":34}},"9":{"start":{"line":17,"column":2},"end":{"line":44,"column":3}},"10":{"start":{"line":18,"column":17},"end":{"line":18,"column":44}},"11":{"start":{"line":19,"column":23},"end":{"line":19,"column":48}},"12":{"start":{"line":21,"column":3},"end":{"line":21,"column":49}},"13":{"start":{"line":21,"column":43},"end":{"line":21,"column":49}},"14":{"start":{"line":23,"column":14},"end":{"line":23,"column":43}},"15":{"start":{"line":24,"column":3},"end":{"line":28,"column":4}},"16":{"start":{"line":25,"column":4},"end":{"line":25,"column":57}},"17":{"start":{"line":27,"column":4},"end":{"line":27,"column":31}},"18":{"start":{"line":29,"column":20},"end":{"line":31,"column":16}},"19":{"start":{"line":32,"column":3},"end":{"line":32,"column":26}},"20":{"start":{"line":34,"column":3},"end":{"line":36,"column":4}},"21":{"start":{"line":35,"column":4},"end":{"line":35,"column":40}},"22":{"start":{"line":37,"column":3},"end":{"line":39,"column":30}},"23":{"start":{"line":38,"column":4},"end":{"line":38,"column":25}},"24":{"start":{"line":41,"column":3},"end":{"line":41,"column":18}},"25":{"start":{"line":44,"column":3},"end":{"line":52,"column":4}},"26":{"start":{"line":45,"column":3},"end":{"line":51,"column":4}},"27":{"start":{"line":46,"column":4},"end":{"line":50,"column":6}}},"fnMap":{"0":{"name":"(anonymous_0)","decl":{"start":{"line":17,"column":27},"end":{"line":17,"column":28}},"loc":{"start":{"line":17,"column":45},"end":{"line":42,"column":3}},"line":17},"1":{"name":"(anonymous_1)","decl":{"start":{"line":37,"column":39},"end":{"line":37,"column":40}},"loc":{"start":{"line":37,"column":45},"end":{"line":39,"column":4}},"line":37},"2":{"name":"(anonymous_2)","decl":{"start":{"line":44,"column":52},"end":{"line":44,"column":53}},"loc":{"start":{"line":44,"column":60},"end":{"line":52,"column":3}},"line":44},"3":{"name":"(anonymous_3)","decl":{"start":{"line":45,"column":34},"end":{"line":45,"column":35}},"loc":{"start":{"line":45,"column":68},"end":{"line":51,"column":4}},"line":45}},"branchMap":{"0":{"loc":{"start":{"line":9,"column":2},"end":{"line":9,"column":37}},"type":"if","locations":[{"start":{"line":9,"column":2},"end":{"line":9,"column":37}},{"start":{"line":9,"column":2},"end":{"line":9,"column":37}}],"line":9},"1":{"loc":{"start":{"line":21,"column":3},"end":{"line":21,"column":49}},"type":"if","locations":[{"start":{"line":21,"column":3},"end":{"line":21,"column":49}},{"start":{"line":21,"column":3},"end":{"line":21,"column":49}}],"line":21},"2":{"loc":{"start":{"line":24,"column":3},"end":{"line":28,"column":4}},"type":"if","locations":[{"start":{"line":24,"column":3},"end":{"line":28,"column":4}},{"start":{"line":24,"column":3},"end":{"line":28,"column":4}}],"line":24},"3":{"loc":{"start":{"line":34,"column":3},"end":{"line":36,"column":4}},"type":"if","locations":[{"start":{"line":34,"column":3},"end":{"line":36,"column":4}},{"start":{"line":34,"column":3},"end":{"line":36,"column":4}}],"line":34},"4":{"loc":{"start":{"line":37,"column":3},"end":{"line":39,"column":30}},"type":"binary-expr","locations":[{"start":{"line":37,"column":3},"end":{"line":37,"column":24}},{"start":{"line":37,"column":28},"end":{"line":39,"column":30}}],"line":37},"5":{"loc":{"start":{"line":39,"column":6},"end":{"line":39,"column":29}},"type":"binary-expr","locations":[{"start":{"line":39,"column":6},"end":{"line":39,"column":21}},{"start":{"line":39,"column":25},"end":{"line":39,"column":29}}],"line":39},"6":{"loc":{"start":{"line":45,"column":44},"end":{"line":45,"column":53}},"type":"default-arg","locations":[{"start":{"line":45,"column":51},"end":{"line":45,"column":53}}],"line":45},"7":{"loc":{"start":{"line":45,"column":55},"end":{"line":45,"column":66}},"type":"default-arg","locations":[{"start":{"line":45,"column":64},"end":{"line":45,"column":66}}],"line":45}},"s":{"0":2,"1":1,"2":2,"3":1,"4":2,"5":2,"6":2,"7":4,"8":1,"9":4,"10":5,"11":4,"12":6,"13":3,"14":3,"15":6,"16":2,"17":4,"18":4,"19":7,"20":3,"21":0,"22":3,"23":0,"24":3,"25":1,"26":4,"27":0},"f":{"0":6,"1":0,"2":8,"3":0},"b":{"0":[0,2],"1":[0,6],"2":[4,2],"3":[0,6],"4":[6,6],"5":[6,6],"6":[0],"7":[0]},"_coverageSchema":"332fd63041d2c1bcb487cc26dd0d5f7d97098a6c","hash":"cf06b80170a0f183fcf3bbdf2c5f1392f2a430d5"}
,"/Users/joe/git/Oasis/packages/message/src/index.vue": {"path":"/Users/joe/git/Oasis/packages/message/src/index.vue","statementMap":{"0":{"start":{"line":58,"column":0},"end":{"line":null,"column":-1}},"1":{"start":{"line":71,"column":0},"end":{"line":null,"column":-1}},"2":{"start":{"line":72,"column":0},"end":{"line":null,"column":-1}},"3":{"start":{"line":77,"column":0},"end":{"line":null,"column":-1}},"4":{"start":{"line":78,"column":0},"end":{"line":null,"column":-1}},"5":{"start":{"line":79,"column":0},"end":{"line":81,"column":0}},"6":{"start":{"line":79,"column":0},"end":{"line":null,"column":-1}},"7":{"start":{"line":80,"column":0},"end":{"line":null,"column":-1}},"8":{"start":{"line":85,"column":0},"end":{"line":null,"column":-1}},"9":{"start":{"line":86,"column":0},"end":{"line":null,"column":-1}},"10":{"start":{"line":84,"column":0},"end":{"line":null,"column":-1}},"11":{"start":{"line":87,"column":0},"end":{"line":null,"column":-1}},"12":{"start":{"line":88,"column":0},"end":{"line":null,"column":-1}},"13":{"start":{"line":89,"column":0},"end":{"line":null,"column":-1}},"14":{"start":{"line":90,"column":0},"end":{"line":null,"column":-1}},"15":{"start":{"line":92,"column":0},"end":{"line":null,"column":-1}},"16":{"start":{"line":93,"column":0},"end":{"line":null,"column":-1}},"17":{"start":{"line":94,"column":0},"end":{"line":null,"column":-1}},"18":{"start":{"line":95,"column":0},"end":{"line":null,"column":-1}}},"fnMap":{"0":{"name":"data","decl":{"start":{"line":71,"column":0},"end":{"line":null,"column":-1}},"loc":{"start":{"line":71,"column":0},"end":{"line":76,"column":0}}},"1":{"name":"mounted","decl":{"start":{"line":77,"column":0},"end":{"line":null,"column":-1}},"loc":{"start":{"line":77,"column":0},"end":{"line":82,"column":0}}},"2":{"name":"(anonymous_8)","decl":{"start":{"line":79,"column":0},"end":{"line":null,"column":-1}},"loc":{"start":{"line":79,"column":0},"end":{"line":81,"column":0}}},"3":{"name":"close","decl":{"start":{"line":84,"column":0},"end":{"line":null,"column":-1}},"loc":{"start":{"line":84,"column":0},"end":{"line":91,"column":0}}},"4":{"name":"clear","decl":{"start":{"line":92,"column":0},"end":{"line":null,"column":-1}},"loc":{"start":{"line":92,"column":0},"end":{"line":96,"column":0}}}},"branchMap":{"0":{"loc":{"start":{"line":85,"column":0},"end":{"line":null,"column":-1}},"type":"cond-expr","locations":[{"start":{"line":85,"column":0},"end":{"line":null,"column":-1}},{"start":{"line":85,"column":0},"end":{"line":null,"column":-1}}]},"1":{"loc":{"start":{"line":87,"column":0},"end":{"line":null,"column":-1}},"type":"binary-expr","locations":[{"start":{"line":87,"column":0},"end":{"line":null,"column":-1}},{"start":{"line":87,"column":0},"end":{"line":null,"column":-1}}]}},"s":{"0":1,"1":4,"2":4,"3":12,"4":4,"5":4,"6":8,"7":4,"8":1,"9":1,"10":4,"11":1,"12":1,"13":1,"14":1,"15":0,"16":0,"17":0,"18":0},"f":{"0":4,"1":4,"2":4,"3":1,"4":0},"b":{"0":[1,0],"1":[1,1]}}
,"/Users/joe/git/Oasis/packages/modal/index.js": {"path":"/Users/joe/git/Oasis/packages/modal/index.js","statementMap":{"0":{"start":{"line":3,"column":0},"end":{"line":5,"column":1}},"1":{"start":{"line":4,"column":1},"end":{"line":4,"column":33}}},"fnMap":{"0":{"name":"(anonymous_0)","decl":{"start":{"line":3,"column":16},"end":{"line":3,"column":17}},"loc":{"start":{"line":3,"column":31},"end":{"line":5,"column":1}},"line":3}},"branchMap":{},"s":{"0":2,"1":0},"f":{"0":0},"b":{},"_coverageSchema":"332fd63041d2c1bcb487cc26dd0d5f7d97098a6c","hash":"8959f18872c6f5cc773748d71b7987bf1e025fa7"}
,"/Users/joe/git/Oasis/packages/modal/src/index.vue": {"path":"/Users/joe/git/Oasis/packages/modal/src/index.vue","statementMap":{"0":{"start":{"line":37,"column":0},"end":{"line":null,"column":-1}},"1":{"start":{"line":52,"column":0},"end":{"line":null,"column":-1}},"2":{"start":{"line":53,"column":0},"end":{"line":null,"column":-1}},"3":{"start":{"line":59,"column":0},"end":{"line":null,"column":-1}},"4":{"start":{"line":60,"column":0},"end":{"line":null,"column":-1}},"5":{"start":{"line":62,"column":0},"end":{"line":null,"column":-1}},"6":{"start":{"line":63,"column":0},"end":{"line":null,"column":-1}},"7":{"start":{"line":64,"column":0},"end":{"line":null,"column":-1}},"8":{"start":{"line":65,"column":0},"end":{"line":null,"column":-1}},"9":{"start":{"line":70,"column":0},"end":{"line":null,"column":-1}},"10":{"start":{"line":71,"column":0},"end":{"line":null,"column":-1}},"11":{"start":{"line":75,"column":0},"end":{"line":null,"column":-1}},"12":{"start":{"line":76,"column":0},"end":{"line":null,"column":-1}}},"fnMap":{"0":{"name":"data","decl":{"start":{"line":52,"column":0},"end":{"line":null,"column":-1}},"loc":{"start":{"line":52,"column":0},"end":{"line":56,"column":0}}},"1":{"name":"get","decl":{"start":{"line":59,"column":0},"end":{"line":null,"column":-1}},"loc":{"start":{"line":59,"column":0},"end":{"line":61,"column":0}}},"2":{"name":"set","decl":{"start":{"line":62,"column":0},"end":{"line":null,"column":-1}},"loc":{"start":{"line":62,"column":0},"end":{"line":66,"column":0}}},"3":{"name":"close","decl":{"start":{"line":70,"column":0},"end":{"line":null,"column":-1}},"loc":{"start":{"line":70,"column":0},"end":{"line":72,"column":0}}},"4":{"name":"show","decl":{"start":{"line":75,"column":0},"end":{"line":null,"column":-1}},"loc":{"start":{"line":75,"column":0},"end":{"line":77,"column":0}}}},"branchMap":{"0":{"loc":{"start":{"line":60,"column":0},"end":{"line":null,"column":-1}},"type":"cond-expr","locations":[{"start":{"line":60,"column":0},"end":{"line":null,"column":-1}},{"start":{"line":60,"column":0},"end":{"line":null,"column":-1}}]},"1":{"loc":{"start":{"line":76,"column":0},"end":{"line":null,"column":-1}},"type":"binary-expr","locations":[{"start":{"line":76,"column":0},"end":{"line":null,"column":-1}},{"start":{"line":76,"column":0},"end":{"line":null,"column":-1}}]}},"s":{"0":1,"1":7,"2":7,"3":12,"4":12,"5":6,"6":2,"7":2,"8":2,"9":2,"10":2,"11":5,"12":5},"f":{"0":7,"1":12,"2":2,"3":2,"4":5},"b":{"0":[6,6],"1":[5,5]}}
,"/Users/joe/git/Oasis/packages/modalBox/index.js": {"path":"/Users/joe/git/Oasis/packages/modalBox/index.js","statementMap":{"0":{"start":{"line":6,"column":19},"end":{"line":6,"column":36}},"1":{"start":{"line":7,"column":21},"end":{"line":7,"column":40}},"2":{"start":{"line":8,"column":20},"end":{"line":8,"column":38}},"3":{"start":{"line":12,"column":3},"end":{"line":44,"column":4}},"4":{"start":{"line":17,"column":3},"end":{"line":43,"column":4}},"5":{"start":{"line":18,"column":4},"end":{"line":18,"column":39}},"6":{"start":{"line":18,"column":33},"end":{"line":18,"column":39}},"7":{"start":{"line":20,"column":4},"end":{"line":42,"column":6}},"8":{"start":{"line":21,"column":16},"end":{"line":21,"column":45}},"9":{"start":{"line":22,"column":5},"end":{"line":22,"column":34}},"10":{"start":{"line":23,"column":22},"end":{"line":41,"column":18}},"11":{"start":{"line":27,"column":8},"end":{"line":27,"column":47}},"12":{"start":{"line":28,"column":8},"end":{"line":28,"column":37}},"13":{"start":{"line":29,"column":8},"end":{"line":29,"column":18}},"14":{"start":{"line":32,"column":8},"end":{"line":34,"column":15}},"15":{"start":{"line":33,"column":9},"end":{"line":33,"column":28}},"16":{"start":{"line":35,"column":8},"end":{"line":35,"column":42}},"17":{"start":{"line":35,"column":36},"end":{"line":35,"column":42}},"18":{"start":{"line":36,"column":8},"end":{"line":36,"column":43}},"19":{"start":{"line":37,"column":8},"end":{"line":37,"column":45}},"20":{"start":{"line":38,"column":8},"end":{"line":38,"column":17}}},"fnMap":{"0":{"name":"(anonymous_0)","decl":{"start":{"line":16,"column":12},"end":{"line":16,"column":13}},"loc":{"start":{"line":16,"column":20},"end":{"line":44,"column":3}},"line":16},"1":{"name":"(anonymous_1)","decl":{"start":{"line":17,"column":28},"end":{"line":17,"column":29}},"loc":{"start":{"line":17,"column":46},"end":{"line":43,"column":4}},"line":17},"2":{"name":"(anonymous_2)","decl":{"start":{"line":20,"column":23},"end":{"line":20,"column":24}},"loc":{"start":{"line":20,"column":44},"end":{"line":42,"column":5}},"line":20},"3":{"name":"(anonymous_3)","decl":{"start":{"line":26,"column":18},"end":{"line":26,"column":19}},"loc":{"start":{"line":26,"column":25},"end":{"line":30,"column":8}},"line":26},"4":{"name":"(anonymous_4)","decl":{"start":{"line":31,"column":16},"end":{"line":31,"column":17}},"loc":{"start":{"line":31,"column":23},"end":{"line":39,"column":8}},"line":31},"5":{"name":"(anonymous_5)","decl":{"start":{"line":32,"column":19},"end":{"line":32,"column":20}},"loc":{"start":{"line":32,"column":25},"end":{"line":34,"column":9}},"line":32}},"branchMap":{"0":{"loc":{"start":{"line":18,"column":4},"end":{"line":18,"column":39}},"type":"if","locations":[{"start":{"line":18,"column":4},"end":{"line":18,"column":39}},{"start":{"line":18,"column":4},"end":{"line":18,"column":39}}],"line":18},"1":{"loc":{"start":{"line":27,"column":8},"end":{"line":27,"column":47}},"type":"binary-expr","locations":[{"start":{"line":27,"column":8},"end":{"line":27,"column":24}},{"start":{"line":27,"column":28},"end":{"line":27,"column":47}}],"line":27},"2":{"loc":{"start":{"line":35,"column":8},"end":{"line":35,"column":42}},"type":"if","locations":[{"start":{"line":35,"column":8},"end":{"line":35,"column":42}},{"start":{"line":35,"column":8},"end":{"line":35,"column":42}}],"line":35},"3":{"loc":{"start":{"line":36,"column":8},"end":{"line":36,"column":43}},"type":"binary-expr","locations":[{"start":{"line":36,"column":8},"end":{"line":36,"column":22}},{"start":{"line":36,"column":26},"end":{"line":36,"column":43}}],"line":36},"4":{"loc":{"start":{"line":37,"column":8},"end":{"line":37,"column":45}},"type":"binary-expr","locations":[{"start":{"line":37,"column":8},"end":{"line":37,"column":23}},{"start":{"line":37,"column":27},"end":{"line":37,"column":45}}],"line":37}},"s":{"0":2,"1":4,"2":4,"3":1,"4":6,"5":6,"6":3,"7":6,"8":6,"9":6,"10":4,"11":6,"12":6,"13":3,"14":3,"15":1,"16":3,"17":3,"18":0,"19":0,"20":0},"f":{"0":6,"1":6,"2":6,"3":6,"4":6,"5":2},"b":{"0":[0,6],"1":[6,0],"2":[6,0],"3":[0,0],"4":[0,0]},"_coverageSchema":"332fd63041d2c1bcb487cc26dd0d5f7d97098a6c","hash":"a1e444b3516a7cbd9208ece9046f0df581783048"}
,"/Users/joe/git/Oasis/packages/modalBox/src/alert.vue": {"path":"/Users/joe/git/Oasis/packages/modalBox/src/alert.vue","statementMap":{"0":{"start":{"line":47,"column":0},"end":{"line":null,"column":-1}},"1":{"start":{"line":73,"column":0},"end":{"line":null,"column":-1}},"2":{"start":{"line":74,"column":0},"end":{"line":null,"column":-1}},"3":{"start":{"line":79,"column":0},"end":{"line":null,"column":-1}},"4":{"start":{"line":81,"column":0},"end":{"line":null,"column":-1}},"5":{"start":{"line":82,"column":0},"end":{"line":null,"column":-1}},"6":{"start":{"line":85,"column":0},"end":{"line":null,"column":-1}},"7":{"start":{"line":87,"column":0},"end":{"line":null,"column":-1}},"8":{"start":{"line":91,"column":0},"end":{"line":null,"column":-1}},"9":{"start":{"line":92,"column":0},"end":{"line":null,"column":-1}},"10":{"start":{"line":93,"column":0},"end":{"line":null,"column":-1}},"11":{"start":{"line":94,"column":0},"end":{"line":null,"column":-1}},"12":{"start":{"line":95,"column":0},"end":{"line":null,"column":-1}},"13":{"start":{"line":96,"column":0},"end":{"line":null,"column":-1}}},"fnMap":{"0":{"name":"data","decl":{"start":{"line":73,"column":0},"end":{"line":null,"column":-1}},"loc":{"start":{"line":73,"column":0},"end":{"line":77,"column":0}}},"1":{"name":"handleConfirm","decl":{"start":{"line":79,"column":0},"end":{"line":null,"column":-1}},"loc":{"start":{"line":79,"column":0},"end":{"line":83,"column":0}}},"2":{"name":"handleClose","decl":{"start":{"line":85,"column":0},"end":{"line":null,"column":-1}},"loc":{"start":{"line":85,"column":0},"end":{"line":88,"column":0}}},"3":{"name":"btnType","decl":{"start":{"line":91,"column":0},"end":{"line":null,"column":-1}},"loc":{"start":{"line":91,"column":0},"end":{"line":98,"column":0}}}},"branchMap":{"0":{"loc":{"start":{"line":82,"column":0},"end":{"line":null,"column":-1}},"type":"binary-expr","locations":[{"start":{"line":82,"column":0},"end":{"line":null,"column":-1}},{"start":{"line":82,"column":0},"end":{"line":null,"column":-1}}]},"1":{"loc":{"start":{"line":87,"column":0},"end":{"line":null,"column":-1}},"type":"binary-expr","locations":[{"start":{"line":87,"column":0},"end":{"line":null,"column":-1}},{"start":{"line":87,"column":0},"end":{"line":null,"column":-1}}]},"2":{"loc":{"start":{"line":93,"column":0},"end":{"line":null,"column":-1}},"type":"switch","locations":[{"start":{"line":93,"column":0},"end":{"line":null,"column":-1}},{"start":{"line":94,"column":0},"end":{"line":null,"column":-1}},{"start":{"line":95,"column":0},"end":{"line":null,"column":-1}},{"start":{"line":96,"column":0},"end":{"line":null,"column":-1}}]}},"s":{"0":1,"1":1,"2":1,"3":4,"4":1,"5":1,"6":3,"7":1,"8":1,"9":1,"10":0,"11":3,"12":0,"13":0},"f":{"0":1,"1":1,"2":1,"3":1},"b":{"0":[1,1],"1":[1,1],"2":[0,1,0,0]}}
,"/Users/joe/git/Oasis/packages/modalBox/src/confirm.vue": {"path":"/Users/joe/git/Oasis/packages/modalBox/src/confirm.vue","statementMap":{"0":{"start":{"line":48,"column":0},"end":{"line":null,"column":-1}},"1":{"start":{"line":74,"column":0},"end":{"line":null,"column":-1}},"2":{"start":{"line":75,"column":0},"end":{"line":null,"column":-1}},"3":{"start":{"line":80,"column":0},"end":{"line":null,"column":-1}},"4":{"start":{"line":82,"column":0},"end":{"line":null,"column":-1}},"5":{"start":{"line":83,"column":0},"end":{"line":null,"column":-1}},"6":{"start":{"line":85,"column":0},"end":{"line":null,"column":-1}},"7":{"start":{"line":87,"column":0},"end":{"line":null,"column":-1}}},"fnMap":{"0":{"name":"data","decl":{"start":{"line":74,"column":0},"end":{"line":null,"column":-1}},"loc":{"start":{"line":74,"column":0},"end":{"line":78,"column":0}}},"1":{"name":"handleConfirm","decl":{"start":{"line":80,"column":0},"end":{"line":null,"column":-1}},"loc":{"start":{"line":80,"column":0},"end":{"line":84,"column":0}}},"2":{"name":"handleClose","decl":{"start":{"line":85,"column":0},"end":{"line":null,"column":-1}},"loc":{"start":{"line":85,"column":0},"end":{"line":88,"column":0}}}},"branchMap":{"0":{"loc":{"start":{"line":83,"column":0},"end":{"line":null,"column":-1}},"type":"binary-expr","locations":[{"start":{"line":83,"column":0},"end":{"line":null,"column":-1}},{"start":{"line":83,"column":0},"end":{"line":null,"column":-1}}]},"1":{"loc":{"start":{"line":87,"column":0},"end":{"line":null,"column":-1}},"type":"binary-expr","locations":[{"start":{"line":87,"column":0},"end":{"line":null,"column":-1}},{"start":{"line":87,"column":0},"end":{"line":null,"column":-1}}]}},"s":{"0":1,"1":1,"2":1,"3":4,"4":1,"5":1,"6":3,"7":1},"f":{"0":1,"1":1,"2":1},"b":{"0":[1,1],"1":[1,1]}}
,"/Users/joe/git/Oasis/packages/modalBox/src/prompt.vue": {"path":"/Users/joe/git/Oasis/packages/modalBox/src/prompt.vue","statementMap":{"0":{"start":{"line":52,"column":0},"end":{"line":null,"column":-1}},"1":{"start":{"line":87,"column":0},"end":{"line":null,"column":-1}},"2":{"start":{"line":88,"column":0},"end":{"line":null,"column":-1}},"3":{"start":{"line":94,"column":0},"end":{"line":null,"column":-1}},"4":{"start":{"line":101,"column":0},"end":{"line":null,"column":-1}},"5":{"start":{"line":102,"column":0},"end":{"line":null,"column":-1}},"6":{"start":{"line":103,"column":0},"end":{"line":null,"column":-1}},"7":{"start":{"line":104,"column":0},"end":{"line":null,"column":-1}},"8":{"start":{"line":106,"column":0},"end":{"line":null,"column":-1}},"9":{"start":{"line":107,"column":0},"end":{"line":null,"column":-1}},"10":{"start":{"line":109,"column":0},"end":{"line":null,"column":-1}},"11":{"start":{"line":111,"column":0},"end":{"line":null,"column":-1}}},"fnMap":{"0":{"name":"_default","decl":{"start":{"line":63,"column":0},"end":{"line":null,"column":-1}},"loc":{"start":{"line":63,"column":0},"end":{"line":null,"column":-1}}},"1":{"name":"data","decl":{"start":{"line":87,"column":0},"end":{"line":null,"column":-1}},"loc":{"start":{"line":87,"column":0},"end":{"line":92,"column":0}}},"2":{"name":"handleConfirm","decl":{"start":{"line":94,"column":0},"end":{"line":null,"column":-1}},"loc":{"start":{"line":94,"column":0},"end":{"line":108,"column":0}}},"3":{"name":"handleClose","decl":{"start":{"line":109,"column":0},"end":{"line":null,"column":-1}},"loc":{"start":{"line":109,"column":0},"end":{"line":112,"column":0}}}},"branchMap":{"0":{"loc":{"start":{"line":102,"column":0},"end":{"line":null,"column":-1}},"type":"if","locations":[{"start":{"line":102,"column":0},"end":{"line":null,"column":-1}},{"start":{"line":102,"column":0},"end":{"line":null,"column":-1}}]},"1":{"loc":{"start":{"line":103,"column":0},"end":{"line":null,"column":-1}},"type":"binary-expr","locations":[{"start":{"line":103,"column":0},"end":{"line":null,"column":-1}},{"start":{"line":103,"column":0},"end":{"line":null,"column":-1}}]},"2":{"loc":{"start":{"line":107,"column":0},"end":{"line":null,"column":-1}},"type":"binary-expr","locations":[{"start":{"line":107,"column":0},"end":{"line":null,"column":-1}},{"start":{"line":107,"column":0},"end":{"line":null,"column":-1}}]},"3":{"loc":{"start":{"line":111,"column":0},"end":{"line":null,"column":-1}},"type":"binary-expr","locations":[{"start":{"line":111,"column":0},"end":{"line":null,"column":-1}},{"start":{"line":111,"column":0},"end":{"line":null,"column":-1}}]}},"s":{"0":1,"1":1,"2":1,"3":8,"4":1,"5":2,"6":0,"7":0,"8":1,"9":1,"10":3,"11":1},"f":{"0":1,"1":1,"2":1,"3":1},"b":{"0":[0,1],"1":[0,0],"2":[1,1],"3":[1,1]}}
,"/Users/joe/git/Oasis/packages/popup/index.js": {"path":"/Users/joe/git/Oasis/packages/popup/index.js","statementMap":{"0":{"start":{"line":3,"column":0},"end":{"line":10,"column":1}},"1":{"start":{"line":4,"column":1},"end":{"line":8,"column":3}},"2":{"start":{"line":6,"column":3},"end":{"line":6,"column":54}},"3":{"start":{"line":9,"column":1},"end":{"line":9,"column":33}}},"fnMap":{"0":{"name":"(anonymous_0)","decl":{"start":{"line":3,"column":16},"end":{"line":3,"column":17}},"loc":{"start":{"line":3,"column":31},"end":{"line":10,"column":1}},"line":3}},"branchMap":{},"s":{"0":2,"1":2,"2":8,"3":2},"f":{"0":2},"b":{},"_coverageSchema":"332fd63041d2c1bcb487cc26dd0d5f7d97098a6c","hash":"6355535cbf769bbe6b84580aa5326138230d6ea4"}
,"/Users/joe/git/Oasis/packages/popup/src/index.js": {"path":"/Users/joe/git/Oasis/packages/popup/src/index.js","statementMap":{"0":{"start":{"line":3,"column":14},"end":{"line":20,"column":1}},"1":{"start":{"line":25,"column":2},"end":{"line":31,"column":3}},"2":{"start":{"line":34,"column":18},"end":{"line":34,"column":36}},"3":{"start":{"line":35,"column":2},"end":{"line":38,"column":3}},"4":{"start":{"line":36,"column":3},"end":{"line":36,"column":59}},"5":{"start":{"line":37,"column":3},"end":{"line":37,"column":56}},"6":{"start":{"line":39,"column":2},"end":{"line":39,"column":15}},"7":{"start":{"line":42,"column":18},"end":{"line":42,"column":36}},"8":{"start":{"line":43,"column":2},"end":{"line":46,"column":3}},"9":{"start":{"line":44,"column":3},"end":{"line":44,"column":56}},"10":{"start":{"line":45,"column":3},"end":{"line":45,"column":53}},"11":{"start":{"line":47,"column":2},"end":{"line":47,"column":30}},"12":{"start":{"line":56,"column":6},"end":{"line":56,"column":10}},"13":{"start":{"line":57,"column":15},"end":{"line":57,"column":34}},"14":{"start":{"line":59,"column":2},"end":{"line":82,"column":3}},"15":{"start":{"line":86,"column":3},"end":{"line":86,"column":25}},"16":{"start":{"line":87,"column":19},"end":{"line":87,"column":37}},"17":{"start":{"line":88,"column":3},"end":{"line":88,"column":58}},"18":{"start":{"line":88,"column":52},"end":{"line":88,"column":58}},"19":{"start":{"line":89,"column":3},"end":{"line":95,"column":5}},"20":{"start":{"line":90,"column":14},"end":{"line":90,"column":31}},"21":{"start":{"line":91,"column":24},"end":{"line":91,"column":55}},"22":{"start":{"line":92,"column":19},"end":{"line":92,"column":51}},"23":{"start":{"line":93,"column":4},"end":{"line":93,"column":52}},"24":{"start":{"line":94,"column":4},"end":{"line":94,"column":75}},"25":{"start":{"line":98,"column":3},"end":{"line":98,"column":83}},"26":{"start":{"line":98,"column":77},"end":{"line":98,"column":83}},"27":{"start":{"line":99,"column":3},"end":{"line":99,"column":20}},"28":{"start":{"line":102,"column":3},"end":{"line":102,"column":29}},"29":{"start":{"line":102,"column":23},"end":{"line":102,"column":29}},"30":{"start":{"line":103,"column":16},"end":{"line":103,"column":29}},"31":{"start":{"line":104,"column":19},"end":{"line":104,"column":53}},"32":{"start":{"line":105,"column":3},"end":{"line":105,"column":47}},"33":{"start":{"line":108,"column":3},"end":{"line":108,"column":29}},"34":{"start":{"line":108,"column":23},"end":{"line":108,"column":29}},"35":{"start":{"line":109,"column":16},"end":{"line":109,"column":29}},"36":{"start":{"line":110,"column":19},"end":{"line":110,"column":53}},"37":{"start":{"line":111,"column":3},"end":{"line":115,"column":4}},"38":{"start":{"line":112,"column":4},"end":{"line":112,"column":45}},"39":{"start":{"line":113,"column":4},"end":{"line":113,"column":50}},"40":{"start":{"line":114,"column":4},"end":{"line":114,"column":31}},"41":{"start":{"line":116,"column":3},"end":{"line":116,"column":34}}},"fnMap":{"0":{"name":"(anonymous_0)","decl":{"start":{"line":89,"column":18},"end":{"line":89,"column":19}},"loc":{"start":{"line":89,"column":24},"end":{"line":95,"column":4}},"line":89}},"branchMap":{"0":{"loc":{"start":{"line":35,"column":2},"end":{"line":38,"column":3}},"type":"if","locations":[{"start":{"line":35,"column":2},"end":{"line":38,"column":3}},{"start":{"line":35,"column":2},"end":{"line":38,"column":3}}],"line":35},"1":{"loc":{"start":{"line":43,"column":2},"end":{"line":46,"column":3}},"type":"if","locations":[{"start":{"line":43,"column":2},"end":{"line":46,"column":3}},{"start":{"line":43,"column":2},"end":{"line":46,"column":3}}],"line":43},"2":{"loc":{"start":{"line":47,"column":2},"end":{"line":47,"column":30}},"type":"binary-expr","locations":[{"start":{"line":47,"column":2},"end":{"line":47,"column":14}},{"start":{"line":47,"column":18},"end":{"line":47,"column":30}}],"line":47},"3":{"loc":{"start":{"line":61,"column":23},"end":{"line":61,"column":56}},"type":"cond-expr","locations":[{"start":{"line":61,"column":35},"end":{"line":61,"column":51}},{"start":{"line":61,"column":54},"end":{"line":61,"column":56}}],"line":61},"4":{"loc":{"start":{"line":73,"column":8},"end":{"line":73,"column":23}},"type":"binary-expr","locations":[{"start":{"line":73,"column":8},"end":{"line":73,"column":12}},{"start":{"line":73,"column":16},"end":{"line":73,"column":23}}],"line":73},"5":{"loc":{"start":{"line":88,"column":3},"end":{"line":88,"column":58}},"type":"if","locations":[{"start":{"line":88,"column":3},"end":{"line":88,"column":58}},{"start":{"line":88,"column":3},"end":{"line":88,"column":58}}],"line":88},"6":{"loc":{"start":{"line":88,"column":7},"end":{"line":88,"column":50}},"type":"binary-expr","locations":[{"start":{"line":88,"column":7},"end":{"line":88,"column":17}},{"start":{"line":88,"column":21},"end":{"line":88,"column":35}},{"start":{"line":88,"column":39},"end":{"line":88,"column":50}}],"line":88},"7":{"loc":{"start":{"line":98,"column":3},"end":{"line":98,"column":83}},"type":"if","locations":[{"start":{"line":98,"column":3},"end":{"line":98,"column":83}},{"start":{"line":98,"column":3},"end":{"line":98,"column":83}}],"line":98},"8":{"loc":{"start":{"line":98,"column":7},"end":{"line":98,"column":75}},"type":"binary-expr","locations":[{"start":{"line":98,"column":7},"end":{"line":98,"column":34}},{"start":{"line":98,"column":38},"end":{"line":98,"column":75}}],"line":98},"9":{"loc":{"start":{"line":102,"column":3},"end":{"line":102,"column":29}},"type":"if","locations":[{"start":{"line":102,"column":3},"end":{"line":102,"column":29}},{"start":{"line":102,"column":3},"end":{"line":102,"column":29}}],"line":102},"10":{"loc":{"start":{"line":105,"column":3},"end":{"line":105,"column":47}},"type":"binary-expr","locations":[{"start":{"line":105,"column":3},"end":{"line":105,"column":12}},{"start":{"line":105,"column":16},"end":{"line":105,"column":47}}],"line":105},"11":{"loc":{"start":{"line":108,"column":3},"end":{"line":108,"column":29}},"type":"if","locations":[{"start":{"line":108,"column":3},"end":{"line":108,"column":29}},{"start":{"line":108,"column":3},"end":{"line":108,"column":29}}],"line":108},"12":{"loc":{"start":{"line":111,"column":3},"end":{"line":115,"column":4}},"type":"if","locations":[{"start":{"line":111,"column":3},"end":{"line":115,"column":4}},{"start":{"line":111,"column":3},"end":{"line":115,"column":4}}],"line":111}},"s":{"0":5,"1":4,"2":0,"3":0,"4":0,"5":4,"6":4,"7":8,"8":8,"9":14,"10":8,"11":8,"12":14,"13":10,"14":10,"15":4,"16":4,"17":4,"18":4,"19":0,"20":0,"21":0,"22":0,"23":0,"24":0,"25":0,"26":0,"27":0,"28":0,"29":0,"30":0,"31":0,"32":0,"33":0,"34":0,"35":0,"36":0,"37":0,"38":0,"39":0,"40":0,"41":0},"f":{"0":0},"b":{"0":[0,0],"1":[8,0],"2":[8,0],"3":[0,20],"4":[20,0],"5":[8,0],"6":[8,4,4],"7":[0,0],"8":[0,0],"9":[0,0],"10":[0,0],"11":[0,0],"12":[0,0]},"_coverageSchema":"332fd63041d2c1bcb487cc26dd0d5f7d97098a6c","hash":"bc59d5a35c0a1da4bb64b32e38f014b19fd5dfff"}
,"/Users/joe/git/Oasis/packages/rahmen/index.js": {"path":"/Users/joe/git/Oasis/packages/rahmen/index.js","statementMap":{"0":{"start":{"line":3,"column":0},"end":{"line":5,"column":1}},"1":{"start":{"line":4,"column":1},"end":{"line":4,"column":35}}},"fnMap":{"0":{"name":"(anonymous_0)","decl":{"start":{"line":3,"column":17},"end":{"line":3,"column":18}},"loc":{"start":{"line":3,"column":32},"end":{"line":5,"column":1}},"line":3}},"branchMap":{},"s":{"0":2,"1":2},"f":{"0":2},"b":{},"_coverageSchema":"332fd63041d2c1bcb487cc26dd0d5f7d97098a6c","hash":"eb5a124ebf839055ec54ba85ca20f9fed4d55a80"}
,"/Users/joe/git/Oasis/packages/rahmen/src/index.vue": {"path":"/Users/joe/git/Oasis/packages/rahmen/src/index.vue","statementMap":{"0":{"start":{"line":14,"column":0},"end":{"line":null,"column":-1}},"1":{"start":{"line":27,"column":0},"end":{"line":null,"column":-1}},"2":{"start":{"line":28,"column":0},"end":{"line":null,"column":-1}},"3":{"start":{"line":37,"column":0},"end":{"line":null,"column":-1}},"4":{"start":{"line":47,"column":0},"end":{"line":null,"column":-1}},"5":{"start":{"line":48,"column":0},"end":{"line":null,"column":-1}},"6":{"start":{"line":52,"column":0},"end":{"line":null,"column":-1}},"7":{"start":{"line":53,"column":0},"end":{"line":null,"column":-1}}},"fnMap":{"0":{"name":"validator","decl":{"start":{"line":27,"column":0},"end":{"line":null,"column":-1}},"loc":{"start":{"line":27,"column":0},"end":{"line":29,"column":0}}},"1":{"name":"rahmenStyle","decl":{"start":{"line":47,"column":0},"end":{"line":null,"column":-1}},"loc":{"start":{"line":47,"column":0},"end":{"line":51,"column":0}}},"2":{"name":"imageStyle","decl":{"start":{"line":52,"column":0},"end":{"line":null,"column":-1}},"loc":{"start":{"line":52,"column":0},"end":{"line":57,"column":0}}}},"branchMap":{"0":{"loc":{"start":{"line":28,"column":0},"end":{"line":null,"column":-1}},"type":"binary-expr","locations":[{"start":{"line":28,"column":0},"end":{"line":null,"column":-1}},{"start":{"line":28,"column":0},"end":{"line":null,"column":-1}}]},"1":{"loc":{"start":{"line":49,"column":0},"end":{"line":null,"column":-1}},"type":"cond-expr","locations":[{"start":{"line":49,"column":0},"end":{"line":null,"column":-1}},{"start":{"line":49,"column":0},"end":{"line":null,"column":-1}}]},"2":{"loc":{"start":{"line":54,"column":0},"end":{"line":null,"column":-1}},"type":"cond-expr","locations":[{"start":{"line":54,"column":0},"end":{"line":null,"column":-1}},{"start":{"line":54,"column":0},"end":{"line":null,"column":-1}}]}},"s":{"0":2,"1":6,"2":6,"3":2,"4":6,"5":6,"6":6,"7":6},"f":{"0":6,"1":6,"2":6},"b":{"0":[6,6],"1":[6,0],"2":[6,0]}}
,"/Users/joe/git/Oasis/packages/select/src/index.vue": {"path":"/Users/joe/git/Oasis/packages/select/src/index.vue","statementMap":{"0":{"start":{"line":8,"column":0},"end":{"line":null,"column":-1}},"1":{"start":{"line":32,"column":0},"end":{"line":null,"column":-1}},"2":{"start":{"line":33,"column":0},"end":{"line":null,"column":-1}},"3":{"start":{"line":37,"column":0},"end":{"line":null,"column":-1}},"4":{"start":{"line":38,"column":0},"end":{"line":null,"column":-1}},"5":{"start":{"line":39,"column":0},"end":{"line":40,"column":0}},"6":{"start":{"line":45,"column":0},"end":{"line":null,"column":-1}},"7":{"start":{"line":48,"column":0},"end":{"line":null,"column":-1}},"8":{"start":{"line":50,"column":0},"end":{"line":51,"column":0}},"9":{"start":{"line":78,"column":0},"end":{"line":null,"column":-1}},"10":{"start":{"line":79,"column":0},"end":{"line":null,"column":-1}},"11":{"start":{"line":94,"column":0},"end":{"line":null,"column":-1}},"12":{"start":{"line":95,"column":0},"end":{"line":null,"column":-1}},"13":{"start":{"line":96,"column":0},"end":{"line":null,"column":-1}},"14":{"start":{"line":97,"column":0},"end":{"line":null,"column":-1}},"15":{"start":{"line":98,"column":0},"end":{"line":null,"column":-1}},"16":{"start":{"line":93,"column":0},"end":{"line":null,"column":-1}},"17":{"start":{"line":99,"column":0},"end":{"line":null,"column":-1}},"18":{"start":{"line":100,"column":0},"end":{"line":null,"column":-1}},"19":{"start":{"line":101,"column":0},"end":{"line":null,"column":-1}},"20":{"start":{"line":103,"column":0},"end":{"line":null,"column":-1}},"21":{"start":{"line":104,"column":0},"end":{"line":null,"column":-1}},"22":{"start":{"line":105,"column":0},"end":{"line":null,"column":-1}},"23":{"start":{"line":106,"column":0},"end":{"line":108,"column":0}},"24":{"start":{"line":106,"column":0},"end":{"line":null,"column":-1}},"25":{"start":{"line":107,"column":0},"end":{"line":null,"column":-1}},"26":{"start":{"line":111,"column":0},"end":{"line":null,"column":-1}},"27":{"start":{"line":112,"column":0},"end":{"line":null,"column":-1}},"28":{"start":{"line":115,"column":0},"end":{"line":null,"column":-1}},"29":{"start":{"line":116,"column":0},"end":{"line":null,"column":-1}},"30":{"start":{"line":119,"column":0},"end":{"line":null,"column":-1}},"31":{"start":{"line":120,"column":0},"end":{"line":null,"column":-1}},"32":{"start":{"line":121,"column":0},"end":{"line":null,"column":-1}},"33":{"start":{"line":125,"column":0},"end":{"line":null,"column":-1}},"34":{"start":{"line":126,"column":0},"end":{"line":null,"column":-1}},"35":{"start":{"line":131,"column":0},"end":{"line":null,"column":-1}},"36":{"start":{"line":132,"column":0},"end":{"line":null,"column":-1}},"37":{"start":{"line":138,"column":0},"end":{"line":null,"column":-1}},"38":{"start":{"line":139,"column":0},"end":{"line":null,"column":-1}}},"fnMap":{"0":{"name":"data","decl":{"start":{"line":32,"column":0},"end":{"line":null,"column":-1}},"loc":{"start":{"line":32,"column":0},"end":{"line":36,"column":0}}},"1":{"name":"render","decl":{"start":{"line":37,"column":0},"end":{"line":null,"column":-1}},"loc":{"start":{"line":37,"column":0},"end":{"line":91,"column":0}}},"2":{"name":"(anonymous_8)","decl":{"start":{"line":73,"column":0},"end":{"line":null,"column":-1}},"loc":{"start":{"line":73,"column":0},"end":{"line":82,"column":0}}},"3":{"name":"setValue","decl":{"start":{"line":93,"column":0},"end":{"line":null,"column":-1}},"loc":{"start":{"line":93,"column":0},"end":{"line":109,"column":0}}},"4":{"name":"(anonymous_10)","decl":{"start":{"line":106,"column":0},"end":{"line":null,"column":-1}},"loc":{"start":{"line":106,"column":0},"end":{"line":108,"column":0}}},"5":{"name":"onFocus","decl":{"start":{"line":111,"column":0},"end":{"line":null,"column":-1}},"loc":{"start":{"line":111,"column":0},"end":{"line":113,"column":0}}},"6":{"name":"onBlur","decl":{"start":{"line":115,"column":0},"end":{"line":null,"column":-1}},"loc":{"start":{"line":115,"column":0},"end":{"line":117,"column":0}}},"7":{"name":"updateCurrentValue","decl":{"start":{"line":119,"column":0},"end":{"line":null,"column":-1}},"loc":{"start":{"line":119,"column":0},"end":{"line":122,"column":0}}},"8":{"name":"(anonymous_14)","decl":{"start":{"line":120,"column":0},"end":{"line":null,"column":-1}},"loc":{"start":{"line":120,"column":0},"end":{"line":null,"column":-1}}},"9":{"name":"currentOptions","decl":{"start":{"line":125,"column":0},"end":{"line":null,"column":-1}},"loc":{"start":{"line":125,"column":0},"end":{"line":127,"column":0}}},"10":{"name":"handler","decl":{"start":{"line":131,"column":0},"end":{"line":null,"column":-1}},"loc":{"start":{"line":131,"column":0},"end":{"line":133,"column":0}}},"11":{"name":"handler","decl":{"start":{"line":138,"column":0},"end":{"line":null,"column":-1}},"loc":{"start":{"line":138,"column":0},"end":{"line":140,"column":0}}}},"branchMap":{"0":{"loc":{"start":{"line":64,"column":0},"end":{"line":null,"column":-1}},"type":"binary-expr","locations":[{"start":{"line":64,"column":0},"end":{"line":null,"column":-1}},{"start":{"line":64,"column":0},"end":{"line":null,"column":-1}},{"start":{"line":64,"column":0},"end":{"line":null,"column":-1}}]},"1":{"loc":{"start":{"line":79,"column":0},"end":{"line":null,"column":-1}},"type":"cond-expr","locations":[{"start":{"line":79,"column":0},"end":{"line":null,"column":-1}},{"start":{"line":79,"column":0},"end":{"line":null,"column":-1}}]},"2":{"loc":{"start":{"line":100,"column":0},"end":{"line":null,"column":-1}},"type":"if","locations":[{"start":{"line":100,"column":0},"end":{"line":null,"column":-1}},{"start":{"line":100,"column":0},"end":{"line":null,"column":-1}}]},"3":{"loc":{"start":{"line":103,"column":0},"end":{"line":null,"column":-1}},"type":"binary-expr","locations":[{"start":{"line":103,"column":0},"end":{"line":null,"column":-1}},{"start":{"line":103,"column":0},"end":{"line":null,"column":-1}}]},"4":{"loc":{"start":{"line":105,"column":0},"end":{"line":null,"column":-1}},"type":"binary-expr","locations":[{"start":{"line":105,"column":0},"end":{"line":null,"column":-1}},{"start":{"line":105,"column":0},"end":{"line":null,"column":-1}}]},"5":{"loc":{"start":{"line":121,"column":0},"end":{"line":null,"column":-1}},"type":"cond-expr","locations":[{"start":{"line":121,"column":0},"end":{"line":null,"column":-1}},{"start":{"line":121,"column":0},"end":{"line":null,"column":-1}}]}},"s":{"0":1,"1":4,"2":4,"3":12,"4":6,"5":6,"6":6,"7":6,"8":6,"9":24,"10":12,"11":2,"12":2,"13":2,"14":2,"15":2,"16":12,"17":2,"18":6,"19":2,"20":2,"21":2,"22":2,"23":2,"24":0,"25":0,"26":0,"27":0,"28":0,"29":0,"30":16,"31":44,"32":8,"33":4,"34":4,"35":4,"36":4,"37":4,"38":4},"f":{"0":4,"1":6,"2":12,"3":2,"4":0,"5":0,"6":0,"7":8,"8":12,"9":4,"10":4,"11":4},"b":{"0":[6,4,4],"1":[0,12],"2":[2,0],"3":[2,2],"4":[2,2],"5":[0,8]}}
,"/Users/joe/git/Oasis/utils/index.js": {"path":"/Users/joe/git/Oasis/utils/index.js","statementMap":{"0":{"start":{"line":3,"column":9},"end":{"line":3,"column":10}},"1":{"start":{"line":4,"column":10},"end":{"line":4,"column":11}},"2":{"start":{"line":6,"column":1},"end":{"line":18,"column":2}},"3":{"start":{"line":7,"column":15},"end":{"line":7,"column":25}},"4":{"start":{"line":8,"column":2},"end":{"line":8,"column":9}},"5":{"start":{"line":9,"column":2},"end":{"line":17,"column":3}},"6":{"start":{"line":10,"column":3},"end":{"line":10,"column":14}},"7":{"start":{"line":11,"column":3},"end":{"line":11,"column":18}},"8":{"start":{"line":12,"column":3},"end":{"line":14,"column":34}},"9":{"start":{"line":13,"column":4},"end":{"line":13,"column":23}},"10":{"start":{"line":15,"column":3},"end":{"line":15,"column":12}},"11":{"start":{"line":16,"column":3},"end":{"line":16,"column":16}},"12":{"start":{"line":23,"column":9},"end":{"line":23,"column":10}},"13":{"start":{"line":24,"column":1},"end":{"line":31,"column":2}},"14":{"start":{"line":25,"column":15},"end":{"line":25,"column":25}},"15":{"start":{"line":26,"column":2},"end":{"line":28,"column":3}},"16":{"start":{"line":27,"column":3},"end":{"line":27,"column":31}},"17":{"start":{"line":29,"column":2},"end":{"line":29,"column":13}},"18":{"start":{"line":30,"column":2},"end":{"line":30,"column":15}},"19":{"start":{"line":35,"column":1},"end":{"line":35,"column":43}},"20":{"start":{"line":39,"column":1},"end":{"line":42,"column":2}},"21":{"start":{"line":43,"column":1},"end":{"line":47,"column":2}},"22":{"start":{"line":44,"column":2},"end":{"line":44,"column":37}},"23":{"start":{"line":46,"column":2},"end":{"line":46,"column":10}},"24":{"start":{"line":51,"column":14},"end":{"line":51,"column":88}},"25":{"start":{"line":52,"column":1},"end":{"line":55,"column":2}},"26":{"start":{"line":59,"column":1},"end":{"line":62,"column":2}},"27":{"start":{"line":67,"column":2},"end":{"line":77,"column":3}},"28":{"start":{"line":74,"column":4},"end":{"line":74,"column":33}},"29":{"start":{"line":75,"column":4},"end":{"line":75,"column":31}},"30":{"start":{"line":78,"column":2},"end":{"line":83,"column":3}},"31":{"start":{"line":84,"column":27},"end":{"line":84,"column":31}},"32":{"start":{"line":86,"column":2},"end":{"line":86,"column":29}},"33":{"start":{"line":88,"column":2},"end":{"line":91,"column":3}},"34":{"start":{"line":92,"column":2},"end":{"line":121,"column":19}},"35":{"start":{"line":93,"column":19},"end":{"line":93,"column":45}},"36":{"start":{"line":94,"column":19},"end":{"line":94,"column":45}},"37":{"start":{"line":95,"column":3},"end":{"line":95,"column":29}},"38":{"start":{"line":96,"column":3},"end":{"line":96,"column":29}},"39":{"start":{"line":97,"column":14},"end":{"line":97,"column":34}},"40":{"start":{"line":98,"column":13},"end":{"line":98,"column":32}},"41":{"start":{"line":99,"column":3},"end":{"line":117,"column":4}},"42":{"start":{"line":100,"column":4},"end":{"line":106,"column":5}},"43":{"start":{"line":101,"column":5},"end":{"line":101,"column":30}},"44":{"start":{"line":102,"column":11},"end":{"line":106,"column":5}},"45":{"start":{"line":103,"column":5},"end":{"line":103,"column":29}},"46":{"start":{"line":105,"column":5},"end":{"line":105,"column":22}},"47":{"start":{"line":107,"column":4},"end":{"line":113,"column":5}},"48":{"start":{"line":108,"column":5},"end":{"line":108,"column":30}},"49":{"start":{"line":109,"column":11},"end":{"line":113,"column":5}},"50":{"start":{"line":110,"column":5},"end":{"line":110,"column":27}},"51":{"start":{"line":112,"column":5},"end":{"line":112,"column":20}},"52":{"start":{"line":115,"column":4},"end":{"line":115,"column":21}},"53":{"start":{"line":116,"column":4},"end":{"line":116,"column":19}},"54":{"start":{"line":118,"column":3},"end":{"line":118,"column":32}},"55":{"start":{"line":119,"column":3},"end":{"line":119,"column":38}},"56":{"start":{"line":120,"column":3},"end":{"line":120,"column":39}},"57":{"start":{"line":123,"column":2},"end":{"line":123,"column":37}},"58":{"start":{"line":125,"column":14},"end":{"line":128,"column":3}},"59":{"start":{"line":130,"column":15},"end":{"line":134,"column":3}},"60":{"start":{"line":135,"column":2},"end":{"line":151,"column":4}},"61":{"start":{"line":136,"column":3},"end":{"line":139,"column":4}},"62":{"start":{"line":137,"column":20},"end":{"line":137,"column":50}},"63":{"start":{"line":138,"column":4},"end":{"line":138,"column":56}},"64":{"start":{"line":138,"column":50},"end":{"line":138,"column":56}},"65":{"start":{"line":140,"column":3},"end":{"line":140,"column":21}},"66":{"start":{"line":141,"column":24},"end":{"line":141,"column":74}},"67":{"start":{"line":142,"column":3},"end":{"line":142,"column":22}},"68":{"start":{"line":143,"column":3},"end":{"line":143,"column":29}},"69":{"start":{"line":144,"column":3},"end":{"line":144,"column":29}},"70":{"start":{"line":145,"column":3},"end":{"line":145,"column":25}},"71":{"start":{"line":146,"column":3},"end":{"line":146,"column":23}},"72":{"start":{"line":147,"column":3},"end":{"line":147,"column":57}},"73":{"start":{"line":148,"column":3},"end":{"line":148,"column":41}},"74":{"start":{"line":149,"column":3},"end":{"line":149,"column":38}},"75":{"start":{"line":150,"column":3},"end":{"line":150,"column":21}},"76":{"start":{"line":152,"column":2},"end":{"line":159,"column":4}},"77":{"start":{"line":153,"column":3},"end":{"line":157,"column":4}},"78":{"start":{"line":154,"column":4},"end":{"line":154,"column":61}},"79":{"start":{"line":155,"column":4},"end":{"line":155,"column":38}},"80":{"start":{"line":156,"column":4},"end":{"line":156,"column":27}},"81":{"start":{"line":158,"column":3},"end":{"line":158,"column":21}},"82":{"start":{"line":163,"column":19},"end":{"line":163,"column":23}},"83":{"start":{"line":164,"column":30},"end":{"line":164,"column":39}},"84":{"start":{"line":165,"column":23},"end":{"line":165,"column":38}},"85":{"start":{"line":166,"column":30},"end":{"line":166,"column":65}},"86":{"start":{"line":167,"column":31},"end":{"line":167,"column":67}},"87":{"start":{"line":168,"column":17},"end":{"line":168,"column":35}},"88":{"start":{"line":169,"column":2},"end":{"line":169,"column":70}},"89":{"start":{"line":170,"column":2},"end":{"line":170,"column":151}},"90":{"start":{"line":171,"column":2},"end":{"line":171,"column":73}},"91":{"start":{"line":172,"column":2},"end":{"line":172,"column":144}},"92":{"start":{"line":176,"column":2},"end":{"line":181,"column":3}},"93":{"start":{"line":185,"column":30},"end":{"line":185,"column":65}},"94":{"start":{"line":186,"column":21},"end":{"line":186,"column":47}},"95":{"start":{"line":187,"column":2},"end":{"line":189,"column":3}},"96":{"start":{"line":188,"column":3},"end":{"line":188,"column":30}},"97":{"start":{"line":190,"column":2},"end":{"line":193,"column":3}},"98":{"start":{"line":197,"column":2},"end":{"line":197,"column":44}},"99":{"start":{"line":202,"column":1},"end":{"line":202,"column":29}},"100":{"start":{"line":206,"column":1},"end":{"line":206,"column":36}},"101":{"start":{"line":206,"column":30},"end":{"line":206,"column":36}},"102":{"start":{"line":207,"column":1},"end":{"line":211,"column":2}},"103":{"start":{"line":208,"column":2},"end":{"line":208,"column":19}},"104":{"start":{"line":210,"column":2},"end":{"line":210,"column":45}},"105":{"start":{"line":215,"column":1},"end":{"line":215,"column":36}},"106":{"start":{"line":215,"column":30},"end":{"line":215,"column":36}},"107":{"start":{"line":216,"column":1},"end":{"line":220,"column":2}},"108":{"start":{"line":217,"column":2},"end":{"line":217,"column":19}},"109":{"start":{"line":219,"column":2},"end":{"line":219,"column":51}},"110":{"start":{"line":224,"column":1},"end":{"line":237,"column":2}},"111":{"start":{"line":225,"column":2},"end":{"line":231,"column":4}},"112":{"start":{"line":226,"column":3},"end":{"line":230,"column":4}},"113":{"start":{"line":233,"column":2},"end":{"line":236,"column":4}},"114":{"start":{"line":234,"column":3},"end":{"line":234,"column":39}},"115":{"start":{"line":235,"column":3},"end":{"line":235,"column":14}}},"fnMap":{"0":{"name":"throttle","decl":{"start":{"line":1,"column":16},"end":{"line":1,"column":24}},"loc":{"start":{"line":1,"column":61},"end":{"line":19,"column":1}},"line":1},"1":{"name":"(anonymous_1)","decl":{"start":{"line":6,"column":8},"end":{"line":6,"column":9}},"loc":{"start":{"line":6,"column":26},"end":{"line":18,"column":2}},"line":6},"2":{"name":"(anonymous_2)","decl":{"start":{"line":12,"column":35},"end":{"line":12,"column":36}},"loc":{"start":{"line":12,"column":41},"end":{"line":14,"column":4}},"line":12},"3":{"name":"debounce","decl":{"start":{"line":21,"column":16},"end":{"line":21,"column":24}},"loc":{"start":{"line":21,"column":42},"end":{"line":32,"column":1}},"line":21},"4":{"name":"(anonymous_4)","decl":{"start":{"line":24,"column":8},"end":{"line":24,"column":9}},"loc":{"start":{"line":24,"column":26},"end":{"line":31,"column":2}},"line":24},"5":{"name":"formatNumber","decl":{"start":{"line":34,"column":16},"end":{"line":34,"column":28}},"loc":{"start":{"line":34,"column":44},"end":{"line":36,"column":1}},"line":34},"6":{"name":"elOffset","decl":{"start":{"line":38,"column":16},"end":{"line":38,"column":24}},"loc":{"start":{"line":38,"column":48},"end":{"line":48,"column":1}},"line":38},"7":{"name":"getDomSize","decl":{"start":{"line":50,"column":16},"end":{"line":50,"column":26}},"loc":{"start":{"line":50,"column":32},"end":{"line":56,"column":1}},"line":50},"8":{"name":"getScrollSize","decl":{"start":{"line":58,"column":16},"end":{"line":58,"column":29}},"loc":{"start":{"line":58,"column":35},"end":{"line":63,"column":1}},"line":58},"9":{"name":"(anonymous_9)","decl":{"start":{"line":66,"column":1},"end":{"line":66,"column":2}},"loc":{"start":{"line":66,"column":26},"end":{"line":160,"column":2}},"line":66},"10":{"name":"(anonymous_10)","decl":{"start":{"line":92,"column":28},"end":{"line":92,"column":29}},"loc":{"start":{"line":92,"column":33},"end":{"line":121,"column":3}},"line":92},"11":{"name":"(anonymous_11)","decl":{"start":{"line":135,"column":35},"end":{"line":135,"column":36}},"loc":{"start":{"line":135,"column":40},"end":{"line":151,"column":3}},"line":135},"12":{"name":"(anonymous_12)","decl":{"start":{"line":152,"column":39},"end":{"line":152,"column":40}},"loc":{"start":{"line":152,"column":44},"end":{"line":159,"column":3}},"line":152},"13":{"name":"(anonymous_13)","decl":{"start":{"line":162,"column":1},"end":{"line":162,"column":2}},"loc":{"start":{"line":162,"column":17},"end":{"line":173,"column":2}},"line":162},"14":{"name":"(anonymous_14)","decl":{"start":{"line":175,"column":1},"end":{"line":175,"column":2}},"loc":{"start":{"line":175,"column":16},"end":{"line":182,"column":2}},"line":175},"15":{"name":"(anonymous_15)","decl":{"start":{"line":184,"column":1},"end":{"line":184,"column":2}},"loc":{"start":{"line":184,"column":39},"end":{"line":194,"column":2}},"line":184},"16":{"name":"(anonymous_16)","decl":{"start":{"line":196,"column":1},"end":{"line":196,"column":2}},"loc":{"start":{"line":196,"column":16},"end":{"line":198,"column":2}},"line":196},"17":{"name":"number","decl":{"start":{"line":201,"column":16},"end":{"line":201,"column":22}},"loc":{"start":{"line":201,"column":29},"end":{"line":203,"column":1}},"line":201},"18":{"name":"getParentComponent","decl":{"start":{"line":205,"column":16},"end":{"line":205,"column":34}},"loc":{"start":{"line":205,"column":51},"end":{"line":212,"column":1}},"line":205},"19":{"name":"getParentComponentByType","decl":{"start":{"line":214,"column":16},"end":{"line":214,"column":40}},"loc":{"start":{"line":214,"column":57},"end":{"line":221,"column":1}},"line":214},"20":{"name":"formatSelectOptions","decl":{"start":{"line":223,"column":16},"end":{"line":223,"column":35}},"loc":{"start":{"line":223,"column":58},"end":{"line":238,"column":1}},"line":223},"21":{"name":"(anonymous_21)","decl":{"start":{"line":225,"column":21},"end":{"line":225,"column":22}},"loc":{"start":{"line":225,"column":38},"end":{"line":231,"column":3}},"line":225},"22":{"name":"(anonymous_22)","decl":{"start":{"line":233,"column":21},"end":{"line":233,"column":22}},"loc":{"start":{"line":233,"column":29},"end":{"line":236,"column":3}},"line":233}},"branchMap":{"0":{"loc":{"start":{"line":1,"column":30},"end":{"line":1,"column":40}},"type":"default-arg","locations":[{"start":{"line":1,"column":38},"end":{"line":1,"column":40}}],"line":1},"1":{"loc":{"start":{"line":1,"column":42},"end":{"line":1,"column":59}},"type":"default-arg","locations":[{"start":{"line":1,"column":54},"end":{"line":1,"column":59}}],"line":1},"2":{"loc":{"start":{"line":9,"column":2},"end":{"line":17,"column":3}},"type":"if","locations":[{"start":{"line":9,"column":2},"end":{"line":17,"column":3}},{"start":{"line":9,"column":2},"end":{"line":17,"column":3}}],"line":9},"3":{"loc":{"start":{"line":12,"column":12},"end":{"line":14,"column":34}},"type":"cond-expr","locations":[{"start":{"line":12,"column":24},"end":{"line":14,"column":12}},{"start":{"line":14,"column":15},"end":{"line":14,"column":34}}],"line":12},"4":{"loc":{"start":{"line":21,"column":30},"end":{"line":21,"column":40}},"type":"default-arg","locations":[{"start":{"line":21,"column":38},"end":{"line":21,"column":40}}],"line":21},"5":{"loc":{"start":{"line":26,"column":2},"end":{"line":28,"column":3}},"type":"if","locations":[{"start":{"line":26,"column":2},"end":{"line":28,"column":3}},{"start":{"line":26,"column":2},"end":{"line":28,"column":3}}],"line":26},"6":{"loc":{"start":{"line":34,"column":35},"end":{"line":34,"column":42}},"type":"default-arg","locations":[{"start":{"line":34,"column":41},"end":{"line":34,"column":42}}],"line":34},"7":{"loc":{"start":{"line":38,"column":30},"end":{"line":38,"column":46}},"type":"default-arg","locations":[{"start":{"line":38,"column":34},"end":{"line":38,"column":46}}],"line":38},"8":{"loc":{"start":{"line":43,"column":1},"end":{"line":47,"column":2}},"type":"if","locations":[{"start":{"line":43,"column":1},"end":{"line":47,"column":2}},{"start":{"line":43,"column":1},"end":{"line":47,"column":2}}],"line":43},"9":{"loc":{"start":{"line":51,"column":14},"end":{"line":51,"column":88}},"type":"cond-expr","locations":[{"start":{"line":51,"column":47},"end":{"line":51,"column":73}},{"start":{"line":51,"column":76},"end":{"line":51,"column":88}}],"line":51},"10":{"loc":{"start":{"line":51,"column":14},"end":{"line":51,"column":44}},"type":"binary-expr","locations":[{"start":{"line":51,"column":14},"end":{"line":51,"column":16}},{"start":{"line":51,"column":20},"end":{"line":51,"column":44}}],"line":51},"11":{"loc":{"start":{"line":99,"column":3},"end":{"line":117,"column":4}},"type":"if","locations":[{"start":{"line":99,"column":3},"end":{"line":117,"column":4}},{"start":{"line":99,"column":3},"end":{"line":117,"column":4}}],"line":99},"12":{"loc":{"start":{"line":100,"column":4},"end":{"line":106,"column":5}},"type":"if","locations":[{"start":{"line":100,"column":4},"end":{"line":106,"column":5}},{"start":{"line":100,"column":4},"end":{"line":106,"column":5}}],"line":100},"13":{"loc":{"start":{"line":102,"column":11},"end":{"line":106,"column":5}},"type":"if","locations":[{"start":{"line":102,"column":11},"end":{"line":106,"column":5}},{"start":{"line":102,"column":11},"end":{"line":106,"column":5}}],"line":102},"14":{"loc":{"start":{"line":107,"column":4},"end":{"line":113,"column":5}},"type":"if","locations":[{"start":{"line":107,"column":4},"end":{"line":113,"column":5}},{"start":{"line":107,"column":4},"end":{"line":113,"column":5}}],"line":107},"15":{"loc":{"start":{"line":109,"column":11},"end":{"line":113,"column":5}},"type":"if","locations":[{"start":{"line":109,"column":11},"end":{"line":113,"column":5}},{"start":{"line":109,"column":11},"end":{"line":113,"column":5}}],"line":109},"16":{"loc":{"start":{"line":119,"column":3},"end":{"line":119,"column":38}},"type":"binary-expr","locations":[{"start":{"line":119,"column":3},"end":{"line":119,"column":15}},{"start":{"line":119,"column":19},"end":{"line":119,"column":38}}],"line":119},"17":{"loc":{"start":{"line":120,"column":3},"end":{"line":120,"column":39}},"type":"binary-expr","locations":[{"start":{"line":120,"column":3},"end":{"line":120,"column":14}},{"start":{"line":120,"column":18},"end":{"line":120,"column":39}}],"line":120},"18":{"loc":{"start":{"line":136,"column":3},"end":{"line":139,"column":4}},"type":"if","locations":[{"start":{"line":136,"column":3},"end":{"line":139,"column":4}},{"start":{"line":136,"column":3},"end":{"line":139,"column":4}}],"line":136},"19":{"loc":{"start":{"line":138,"column":4},"end":{"line":138,"column":56}},"type":"if","locations":[{"start":{"line":138,"column":4},"end":{"line":138,"column":56}},{"start":{"line":138,"column":4},"end":{"line":138,"column":56}}],"line":138},"20":{"loc":{"start":{"line":138,"column":10},"end":{"line":138,"column":47}},"type":"binary-expr","locations":[{"start":{"line":138,"column":10},"end":{"line":138,"column":17}},{"start":{"line":138,"column":21},"end":{"line":138,"column":47}}],"line":138},"21":{"loc":{"start":{"line":148,"column":3},"end":{"line":148,"column":41}},"type":"binary-expr","locations":[{"start":{"line":148,"column":3},"end":{"line":148,"column":15}},{"start":{"line":148,"column":19},"end":{"line":148,"column":41}}],"line":148},"22":{"loc":{"start":{"line":149,"column":3},"end":{"line":149,"column":38}},"type":"binary-expr","locations":[{"start":{"line":149,"column":3},"end":{"line":149,"column":15}},{"start":{"line":149,"column":19},"end":{"line":149,"column":38}}],"line":149},"23":{"loc":{"start":{"line":153,"column":3},"end":{"line":157,"column":4}},"type":"if","locations":[{"start":{"line":153,"column":3},"end":{"line":157,"column":4}},{"start":{"line":153,"column":3},"end":{"line":157,"column":4}}],"line":153},"24":{"loc":{"start":{"line":155,"column":4},"end":{"line":155,"column":38}},"type":"binary-expr","locations":[{"start":{"line":155,"column":4},"end":{"line":155,"column":14}},{"start":{"line":155,"column":18},"end":{"line":155,"column":38}}],"line":155},"25":{"loc":{"start":{"line":187,"column":2},"end":{"line":189,"column":3}},"type":"if","locations":[{"start":{"line":187,"column":2},"end":{"line":189,"column":3}},{"start":{"line":187,"column":2},"end":{"line":189,"column":3}}],"line":187},"26":{"loc":{"start":{"line":205,"column":40},"end":{"line":205,"column":49}},"type":"default-arg","locations":[{"start":{"line":205,"column":47},"end":{"line":205,"column":49}}],"line":205},"27":{"loc":{"start":{"line":206,"column":1},"end":{"line":206,"column":36}},"type":"if","locations":[{"start":{"line":206,"column":1},"end":{"line":206,"column":36}},{"start":{"line":206,"column":1},"end":{"line":206,"column":36}}],"line":206},"28":{"loc":{"start":{"line":207,"column":1},"end":{"line":211,"column":2}},"type":"if","locations":[{"start":{"line":207,"column":1},"end":{"line":211,"column":2}},{"start":{"line":207,"column":1},"end":{"line":211,"column":2}}],"line":207},"29":{"loc":{"start":{"line":214,"column":46},"end":{"line":214,"column":55}},"type":"default-arg","locations":[{"start":{"line":214,"column":53},"end":{"line":214,"column":55}}],"line":214},"30":{"loc":{"start":{"line":215,"column":1},"end":{"line":215,"column":36}},"type":"if","locations":[{"start":{"line":215,"column":1},"end":{"line":215,"column":36}},{"start":{"line":215,"column":1},"end":{"line":215,"column":36}}],"line":215},"31":{"loc":{"start":{"line":216,"column":1},"end":{"line":220,"column":2}},"type":"if","locations":[{"start":{"line":216,"column":1},"end":{"line":220,"column":2}},{"start":{"line":216,"column":1},"end":{"line":220,"column":2}}],"line":216},"32":{"loc":{"start":{"line":223,"column":37},"end":{"line":223,"column":49}},"type":"default-arg","locations":[{"start":{"line":223,"column":47},"end":{"line":223,"column":49}}],"line":223},"33":{"loc":{"start":{"line":224,"column":1},"end":{"line":237,"column":2}},"type":"if","locations":[{"start":{"line":224,"column":1},"end":{"line":237,"column":2}},{"start":{"line":224,"column":1},"end":{"line":237,"column":2}}],"line":224}},"s":{"0":0,"1":0,"2":0,"3":0,"4":0,"5":0,"6":0,"7":0,"8":0,"9":0,"10":0,"11":0,"12":0,"13":0,"14":0,"15":0,"16":0,"17":0,"18":0,"19":4,"20":0,"21":0,"22":0,"23":0,"24":4,"25":4,"26":0,"27":0,"28":0,"29":0,"30":0,"31":0,"32":0,"33":0,"34":0,"35":0,"36":0,"37":0,"38":0,"39":0,"40":0,"41":0,"42":0,"43":0,"44":0,"45":0,"46":0,"47":0,"48":0,"49":0,"50":0,"51":0,"52":0,"53":0,"54":0,"55":0,"56":0,"57":0,"58":0,"59":0,"60":0,"61":0,"62":0,"63":0,"64":0,"65":0,"66":0,"67":0,"68":0,"69":0,"70":0,"71":0,"72":0,"73":0,"74":0,"75":0,"76":6,"77":0,"78":0,"79":0,"80":0,"81":0,"82":0,"83":0,"84":0,"85":0,"86":0,"87":4,"88":3,"89":3,"90":1,"91":3,"92":3,"93":0,"94":0,"95":0,"96":0,"97":0,"98":0,"99":6,"100":0,"101":0,"102":0,"103":0,"104":0,"105":0,"106":0,"107":0,"108":0,"109":0,"110":4,"111":3,"112":3,"113":1,"114":3,"115":3},"f":{"0":0,"1":0,"2":0,"3":0,"4":0,"5":0,"6":0,"7":8,"8":0,"9":0,"10":0,"11":0,"12":0,"13":0,"14":0,"15":0,"16":0,"17":12,"18":0,"19":0,"20":8,"21":6,"22":6},"b":{"0":[0],"1":[0],"2":[0,0],"3":[0,0],"4":[0],"5":[0,0],"6":[0],"7":[0],"8":[0,0],"9":[8,0],"10":[8,8],"11":[0,0],"12":[0,0],"13":[0,0],"14":[0,0],"15":[0,0],"16":[0,0],"17":[0,0],"18":[0,0],"19":[0,0],"20":[0,0],"21":[0,0],"22":[0,0],"23":[0,0],"24":[0,0],"25":[0,0],"26":[0],"27":[0,0],"28":[0,0],"29":[0],"30":[0,0],"31":[0,0],"32":[4],"33":[6,2]},"_coverageSchema":"332fd63041d2c1bcb487cc26dd0d5f7d97098a6c","hash":"b4280259b310a3a77d987c9d90dddabba52e9ab7"}
}
